[0.018s] Invoking command in '/home/alexander/Documents/arduinobot_ws/build/arduinobot_cpp': CMAKE_PREFIX_PATH=/opt/ros/humble CONDA_PROMPT_MODIFIER=(base) /usr/bin/cmake /home/alexander/Documents/arduinobot_ws/src/arduinobot_cpp -DCMAKE_INSTALL_PREFIX=/home/alexander/Documents/arduinobot_ws/install/arduinobot_cpp
[0.027s] -- Found ament_cmake: 1.3.5 (/opt/ros/humble/share/ament_cmake/cmake)
[0.158s] -- Found ament_lint_auto: 0.12.7 (/opt/ros/humble/share/ament_lint_auto/cmake)
[0.182s] Traceback (most recent call last):
[0.183s]   File "/opt/ros/humble/share/ament_cmake_core/cmake/core/package_xml_2_cmake.py", line 22, in <module>
[0.183s]     from catkin_pkg.package import parse_package_string
[0.183s] ModuleNotFoundError: No module named 'catkin_pkg'
[0.185s] [31mCMake Error at /opt/ros/humble/share/ament_cmake_core/cmake/core/ament_package_xml.cmake:95 (message):
[0.185s]   execute_process(/home/alexander/anaconda3/bin/python3.10
[0.185s]   /opt/ros/humble/share/ament_cmake_core/cmake/core/package_xml_2_cmake.py
[0.186s]   /home/alexander/Documents/arduinobot_ws/src/arduinobot_cpp/package.xml
[0.186s]   /home/alexander/Documents/arduinobot_ws/build/arduinobot_cpp/ament_cmake_core/package.cmake)
[0.186s]   returned error code 1
[0.186s] Call Stack (most recent call first):
[0.186s]   /opt/ros/humble/share/ament_cmake_core/cmake/core/ament_package_xml.cmake:49 (_ament_package_xml)
[0.186s]   /opt/ros/humble/share/ament_lint_auto/cmake/ament_lint_auto_find_test_dependencies.cmake:31 (ament_package_xml)
[0.186s]   CMakeLists.txt:23 (ament_lint_auto_find_test_dependencies)
[0.186s] 
[0.186s] [0m
[0.186s] -- Configuring incomplete, errors occurred!
[0.187s] See also "/home/alexander/Documents/arduinobot_ws/build/arduinobot_cpp/CMakeFiles/CMakeOutput.log".
[0.237s] Invoked command in '/home/alexander/Documents/arduinobot_ws/build/arduinobot_cpp' returned '1': CMAKE_PREFIX_PATH=/opt/ros/humble CONDA_PROMPT_MODIFIER=(base) /usr/bin/cmake /home/alexander/Documents/arduinobot_ws/src/arduinobot_cpp -DCMAKE_INSTALL_PREFIX=/home/alexander/Documents/arduinobot_ws/install/arduinobot_cpp
