[0.016s] Invoking command in '/home/alexander/Documents/arduinobot_ws/build/arduinobot_cpp': CMAKE_PREFIX_PATH=/opt/ros/humble CONDA_PROMPT_MODIFIER=(base) /usr/bin/cmake /home/alexander/Documents/arduinobot_ws/src/arduinobot_cpp -DCMAKE_INSTALL_PREFIX=/home/alexander/Documents/arduinobot_ws/install/arduinobot_cpp
[0.128s] -- The C compiler identification is GNU 11.4.0
[0.213s] -- The CXX compiler identification is GNU 11.4.0
[0.221s] -- Detecting C compiler ABI info
[0.284s] -- Detecting C compiler ABI info - done
[0.291s] -- Check for working C compiler: /usr/bin/cc - skipped
[0.292s] -- Detecting C compile features
[0.292s] -- Detecting C compile features - done
[0.295s] -- Detecting CXX compiler ABI info
[0.365s] -- Detecting CXX compiler ABI info - done
[0.372s] -- Check for working CXX compiler: /usr/bin/c++ - skipped
[0.372s] -- Detecting CXX compile features
[0.373s] -- Detecting CXX compile features - done
[0.378s] -- Found ament_cmake: 1.3.5 (/opt/ros/humble/share/ament_cmake/cmake)
[1.031s] -- Found Python3: /home/alexander/anaconda3/bin/python3.10 (found version "3.10.9") found components: Interpreter 
[1.115s] -- Found ament_lint_auto: 0.12.7 (/opt/ros/humble/share/ament_lint_auto/cmake)
[1.135s] Traceback (most recent call last):
[1.135s]   File "/opt/ros/humble/share/ament_cmake_core/cmake/core/package_xml_2_cmake.py", line 22, in <module>
[1.135s]     from catkin_pkg.package import parse_package_string
[1.135s] ModuleNotFoundError: No module named 'catkin_pkg'
[1.138s] [31mCMake Error at /opt/ros/humble/share/ament_cmake_core/cmake/core/ament_package_xml.cmake:95 (message):
[1.138s]   execute_process(/home/alexander/anaconda3/bin/python3.10
[1.139s]   /opt/ros/humble/share/ament_cmake_core/cmake/core/package_xml_2_cmake.py
[1.139s]   /home/alexander/Documents/arduinobot_ws/src/arduinobot_cpp/package.xml
[1.139s]   /home/alexander/Documents/arduinobot_ws/build/arduinobot_cpp/ament_cmake_core/package.cmake)
[1.139s]   returned error code 1
[1.139s] Call Stack (most recent call first):
[1.139s]   /opt/ros/humble/share/ament_cmake_core/cmake/core/ament_package_xml.cmake:49 (_ament_package_xml)
[1.139s]   /opt/ros/humble/share/ament_lint_auto/cmake/ament_lint_auto_find_test_dependencies.cmake:31 (ament_package_xml)
[1.139s]   CMakeLists.txt:23 (ament_lint_auto_find_test_dependencies)
[1.139s] 
[1.139s] [0m
[1.139s] -- Configuring incomplete, errors occurred!
[1.139s] See also "/home/alexander/Documents/arduinobot_ws/build/arduinobot_cpp/CMakeFiles/CMakeOutput.log".
[1.142s] Invoked command in '/home/alexander/Documents/arduinobot_ws/build/arduinobot_cpp' returned '1': CMAKE_PREFIX_PATH=/opt/ros/humble CONDA_PROMPT_MODIFIER=(base) /usr/bin/cmake /home/alexander/Documents/arduinobot_ws/src/arduinobot_cpp -DCMAKE_INSTALL_PREFIX=/home/alexander/Documents/arduinobot_ws/install/arduinobot_cpp
