[0.531s] Invoking command in '/home/alexander/Documents/arduinobot_ws/src/arduinobot_py_example': CONDA_PROMPT_MODIFIER=(base) PYTHONPATH=/home/alexander/Documents/arduinobot_ws/build/arduinobot_py_example/prefix_override:/home/alexander/Documents/arduinobot_ws/install/arduinobot_py_example/lib/python3.10/site-packages:${PYTHONPATH} /usr/bin/python3 setup.py egg_info --egg-base ../../build/arduinobot_py_example build --build-base /home/alexander/Documents/arduinobot_ws/build/arduinobot_py_example/build install --record /home/alexander/Documents/arduinobot_ws/build/arduinobot_py_example/install.log --single-version-externally-managed
[0.725s] running egg_info
[0.726s] writing ../../build/arduinobot_py_example/arduinobot_py_example.egg-info/PKG-INFO
[0.726s] writing dependency_links to ../../build/arduinobot_py_example/arduinobot_py_example.egg-info/dependency_links.txt
[0.726s] writing entry points to ../../build/arduinobot_py_example/arduinobot_py_example.egg-info/entry_points.txt
[0.726s] writing requirements to ../../build/arduinobot_py_example/arduinobot_py_example.egg-info/requires.txt
[0.726s] writing top-level names to ../../build/arduinobot_py_example/arduinobot_py_example.egg-info/top_level.txt
[0.728s] reading manifest file '../../build/arduinobot_py_example/arduinobot_py_example.egg-info/SOURCES.txt'
[0.729s] writing manifest file '../../build/arduinobot_py_example/arduinobot_py_example.egg-info/SOURCES.txt'
[0.729s] running build
[0.729s] running build_py
[0.730s] copying arduinobot_py_example/simple_subscriber.py -> /home/alexander/Documents/arduinobot_ws/build/arduinobot_py_example/build/lib/arduinobot_py_example
[0.730s] running install
[0.730s] /usr/lib/python3/dist-packages/setuptools/command/install.py:34: SetuptoolsDeprecationWarning: setup.py install is deprecated. Use build and pip and other standards-based tools.
[0.730s]   warnings.warn(
[0.730s] running install_lib
[0.731s] copying /home/alexander/Documents/arduinobot_ws/build/arduinobot_py_example/build/lib/arduinobot_py_example/simple_subscriber.py -> /home/alexander/Documents/arduinobot_ws/install/arduinobot_py_example/lib/python3.10/site-packages/arduinobot_py_example
[0.732s] byte-compiling /home/alexander/Documents/arduinobot_ws/install/arduinobot_py_example/lib/python3.10/site-packages/arduinobot_py_example/simple_subscriber.py to simple_subscriber.cpython-310.pyc
[0.732s] running install_data
[0.733s] running install_egg_info
[0.734s] removing '/home/alexander/Documents/arduinobot_ws/install/arduinobot_py_example/lib/python3.10/site-packages/arduinobot_py_example-0.0.0-py3.10.egg-info' (and everything under it)
[0.735s] Copying ../../build/arduinobot_py_example/arduinobot_py_example.egg-info to /home/alexander/Documents/arduinobot_ws/install/arduinobot_py_example/lib/python3.10/site-packages/arduinobot_py_example-0.0.0-py3.10.egg-info
[0.735s] running install_scripts
[0.754s] Installing simple_publisher script to /home/alexander/Documents/arduinobot_ws/install/arduinobot_py_example/lib/arduinobot_py_example
[0.754s] Installing simple_subscriber script to /home/alexander/Documents/arduinobot_ws/install/arduinobot_py_example/lib/arduinobot_py_example
[0.754s] writing list of installed files to '/home/alexander/Documents/arduinobot_ws/build/arduinobot_py_example/install.log'
[0.783s] Invoked command in '/home/alexander/Documents/arduinobot_ws/src/arduinobot_py_example' returned '0': CONDA_PROMPT_MODIFIER=(base) PYTHONPATH=/home/alexander/Documents/arduinobot_ws/build/arduinobot_py_example/prefix_override:/home/alexander/Documents/arduinobot_ws/install/arduinobot_py_example/lib/python3.10/site-packages:${PYTHONPATH} /usr/bin/python3 setup.py egg_info --egg-base ../../build/arduinobot_py_example build --build-base /home/alexander/Documents/arduinobot_ws/build/arduinobot_py_example/build install --record /home/alexander/Documents/arduinobot_ws/build/arduinobot_py_example/install.log --single-version-externally-managed
