[0.030s] Invoking command in '/home/alexander/Documents/arduinobot_ws/src/build/arduinobot_controller': CMAKE_PREFIX_PATH=${CMAKE_PREFIX_PATH}:/home/alexander/Documents/arduinobot_ws/install/arduinobot_py_example:/home/alexander/Documents/arduinobot_ws/install/arduinobot_py:/opt/ros/humble /usr/bin/cmake /home/alexander/Documents/arduinobot_ws/src/arduinobot_controller -DCMAKE_INSTALL_PREFIX=/home/alexander/Documents/arduinobot_ws/src/install/arduinobot_controller
[0.120s] -- The C compiler identification is GNU 11.4.0
[0.200s] -- The CXX compiler identification is GNU 11.4.0
[0.209s] -- Detecting C compiler ABI info
[0.278s] -- Detecting C compiler ABI info - done
[0.288s] -- Check for working C compiler: /usr/bin/cc - skipped
[0.288s] -- Detecting C compile features
[0.289s] -- Detecting C compile features - done
[0.293s] -- Detecting CXX compiler ABI info
[0.381s] -- Detecting CXX compiler ABI info - done
[0.388s] -- Check for working CXX compiler: /usr/bin/c++ - skipped
[0.388s] -- Detecting CXX compile features
[0.389s] -- Detecting CXX compile features - done
[0.392s] -- Found ament_cmake: 1.3.5 (/opt/ros/humble/share/ament_cmake/cmake)
[0.560s] -- Found Python3: /usr/bin/python3.10 (found version "3.10.12") found components: Interpreter 
[0.659s] -- Found ament_lint_auto: 0.12.7 (/opt/ros/humble/share/ament_lint_auto/cmake)
[0.729s] -- Added test 'lint_cmake' to check CMake code style
[0.731s] -- Added test 'xmllint' to check XML markup files
[0.733s] -- Configuring done
[0.735s] -- Generating done
[0.736s] -- Build files have been written to: /home/alexander/Documents/arduinobot_ws/src/build/arduinobot_controller
[0.740s] Invoked command in '/home/alexander/Documents/arduinobot_ws/src/build/arduinobot_controller' returned '0': CMAKE_PREFIX_PATH=${CMAKE_PREFIX_PATH}:/home/alexander/Documents/arduinobot_ws/install/arduinobot_py_example:/home/alexander/Documents/arduinobot_ws/install/arduinobot_py:/opt/ros/humble /usr/bin/cmake /home/alexander/Documents/arduinobot_ws/src/arduinobot_controller -DCMAKE_INSTALL_PREFIX=/home/alexander/Documents/arduinobot_ws/src/install/arduinobot_controller
[0.742s] Invoking command in '/home/alexander/Documents/arduinobot_ws/src/build/arduinobot_controller': CMAKE_PREFIX_PATH=${CMAKE_PREFIX_PATH}:/home/alexander/Documents/arduinobot_ws/install/arduinobot_py_example:/home/alexander/Documents/arduinobot_ws/install/arduinobot_py:/opt/ros/humble /usr/bin/cmake --build /home/alexander/Documents/arduinobot_ws/src/build/arduinobot_controller -- -j12 -l12
[0.776s] Invoked command in '/home/alexander/Documents/arduinobot_ws/src/build/arduinobot_controller' returned '0': CMAKE_PREFIX_PATH=${CMAKE_PREFIX_PATH}:/home/alexander/Documents/arduinobot_ws/install/arduinobot_py_example:/home/alexander/Documents/arduinobot_ws/install/arduinobot_py:/opt/ros/humble /usr/bin/cmake --build /home/alexander/Documents/arduinobot_ws/src/build/arduinobot_controller -- -j12 -l12
[0.804s] Invoking command in '/home/alexander/Documents/arduinobot_ws/src/build/arduinobot_controller': CMAKE_PREFIX_PATH=${CMAKE_PREFIX_PATH}:/home/alexander/Documents/arduinobot_ws/install/arduinobot_py_example:/home/alexander/Documents/arduinobot_ws/install/arduinobot_py:/opt/ros/humble /usr/bin/cmake --install /home/alexander/Documents/arduinobot_ws/src/build/arduinobot_controller
[0.812s] -- Install configuration: ""
[0.812s] -- Installing: /home/alexander/Documents/arduinobot_ws/src/install/arduinobot_controller/share/ament_index/resource_index/package_run_dependencies/arduinobot_controller
[0.812s] -- Installing: /home/alexander/Documents/arduinobot_ws/src/install/arduinobot_controller/share/ament_index/resource_index/parent_prefix_path/arduinobot_controller
[0.812s] -- Installing: /home/alexander/Documents/arduinobot_ws/src/install/arduinobot_controller/share/arduinobot_controller/environment/ament_prefix_path.sh
[0.813s] -- Installing: /home/alexander/Documents/arduinobot_ws/src/install/arduinobot_controller/share/arduinobot_controller/environment/ament_prefix_path.dsv
[0.813s] -- Installing: /home/alexander/Documents/arduinobot_ws/src/install/arduinobot_controller/share/arduinobot_controller/environment/path.sh
[0.813s] -- Installing: /home/alexander/Documents/arduinobot_ws/src/install/arduinobot_controller/share/arduinobot_controller/environment/path.dsv
[0.813s] -- Installing: /home/alexander/Documents/arduinobot_ws/src/install/arduinobot_controller/share/arduinobot_controller/local_setup.bash
[0.813s] -- Installing: /home/alexander/Documents/arduinobot_ws/src/install/arduinobot_controller/share/arduinobot_controller/local_setup.sh
[0.813s] -- Installing: /home/alexander/Documents/arduinobot_ws/src/install/arduinobot_controller/share/arduinobot_controller/local_setup.zsh
[0.813s] -- Installing: /home/alexander/Documents/arduinobot_ws/src/install/arduinobot_controller/share/arduinobot_controller/local_setup.dsv
[0.813s] -- Installing: /home/alexander/Documents/arduinobot_ws/src/install/arduinobot_controller/share/arduinobot_controller/package.dsv
[0.814s] -- Installing: /home/alexander/Documents/arduinobot_ws/src/install/arduinobot_controller/share/ament_index/resource_index/packages/arduinobot_controller
[0.814s] -- Installing: /home/alexander/Documents/arduinobot_ws/src/install/arduinobot_controller/share/arduinobot_controller/cmake/arduinobot_controllerConfig.cmake
[0.814s] -- Installing: /home/alexander/Documents/arduinobot_ws/src/install/arduinobot_controller/share/arduinobot_controller/cmake/arduinobot_controllerConfig-version.cmake
[0.814s] -- Installing: /home/alexander/Documents/arduinobot_ws/src/install/arduinobot_controller/share/arduinobot_controller/package.xml
[0.817s] Invoked command in '/home/alexander/Documents/arduinobot_ws/src/build/arduinobot_controller' returned '0': CMAKE_PREFIX_PATH=${CMAKE_PREFIX_PATH}:/home/alexander/Documents/arduinobot_ws/install/arduinobot_py_example:/home/alexander/Documents/arduinobot_ws/install/arduinobot_py:/opt/ros/humble /usr/bin/cmake --install /home/alexander/Documents/arduinobot_ws/src/build/arduinobot_controller
