[0.019s] Invoking command in '/home/alexander/Documents/arduinobot_ws/build/arduinobot_description': CMAKE_PREFIX_PATH=${CMAKE_PREFIX_PATH}:/home/alexander/Documents/arduinobot_ws/install/arduinobot_py_example:/home/alexander/Documents/arduinobot_ws/install/arduinobot_py:/opt/ros/humble CONDA_PROMPT_MODIFIER=(base) /usr/bin/cmake --build /home/alexander/Documents/arduinobot_ws/build/arduinobot_description -- -j12 -l12
[0.036s] -- Found ament_cmake: 1.3.5 (/opt/ros/humble/share/ament_cmake/cmake)
[0.167s] -- Found ament_lint_auto: 0.12.7 (/opt/ros/humble/share/ament_lint_auto/cmake)
[0.239s] -- Added test 'flake8' to check Python code syntax and style conventions
[0.240s] -- Added test 'lint_cmake' to check CMake code style
[0.240s] -- Added test 'pep257' to check Python code against some of the docstring style conventions in PEP 257
[0.241s] -- Added test 'xmllint' to check XML markup files
[0.242s] -- Configuring done
[0.244s] -- Generating done
[0.245s] -- Build files have been written to: /home/alexander/Documents/arduinobot_ws/build/arduinobot_description
[0.264s] Invoked command in '/home/alexander/Documents/arduinobot_ws/build/arduinobot_description' returned '0': CMAKE_PREFIX_PATH=${CMAKE_PREFIX_PATH}:/home/alexander/Documents/arduinobot_ws/install/arduinobot_py_example:/home/alexander/Documents/arduinobot_ws/install/arduinobot_py:/opt/ros/humble CONDA_PROMPT_MODIFIER=(base) /usr/bin/cmake --build /home/alexander/Documents/arduinobot_ws/build/arduinobot_description -- -j12 -l12
[0.288s] Invoking command in '/home/alexander/Documents/arduinobot_ws/build/arduinobot_description': CMAKE_PREFIX_PATH=${CMAKE_PREFIX_PATH}:/home/alexander/Documents/arduinobot_ws/install/arduinobot_py_example:/home/alexander/Documents/arduinobot_ws/install/arduinobot_py:/opt/ros/humble CONDA_PROMPT_MODIFIER=(base) /usr/bin/cmake --install /home/alexander/Documents/arduinobot_ws/build/arduinobot_description
[0.296s] -- Install configuration: ""
[0.297s] -- Up-to-date: /home/alexander/Documents/arduinobot_ws/install/arduinobot_description/share/arduinobot_description/meshes
[0.297s] -- Up-to-date: /home/alexander/Documents/arduinobot_ws/install/arduinobot_description/share/arduinobot_description/meshes/plate.STL
[0.298s] -- Up-to-date: /home/alexander/Documents/arduinobot_ws/install/arduinobot_description/share/arduinobot_description/meshes/base_plate.STL
[0.298s] -- Up-to-date: /home/alexander/Documents/arduinobot_ws/install/arduinobot_description/share/arduinobot_description/meshes/claw_support.STL
[0.298s] -- Up-to-date: /home/alexander/Documents/arduinobot_ws/install/arduinobot_description/share/arduinobot_description/meshes/right_finger.STL
[0.299s] -- Up-to-date: /home/alexander/Documents/arduinobot_ws/install/arduinobot_description/share/arduinobot_description/meshes/basement.STL
[0.299s] -- Up-to-date: /home/alexander/Documents/arduinobot_ws/install/arduinobot_description/share/arduinobot_description/meshes/left_finger.STL
[0.299s] -- Up-to-date: /home/alexander/Documents/arduinobot_ws/install/arduinobot_description/share/arduinobot_description/meshes/round_plate.STL
[0.299s] -- Up-to-date: /home/alexander/Documents/arduinobot_ws/install/arduinobot_description/share/arduinobot_description/meshes/forward_drive_arm.STL
[0.300s] -- Up-to-date: /home/alexander/Documents/arduinobot_ws/install/arduinobot_description/share/arduinobot_description/meshes/triangular_link.STL
[0.301s] -- Up-to-date: /home/alexander/Documents/arduinobot_ws/install/arduinobot_description/share/arduinobot_description/meshes/horizontal_arm.STL
[0.301s] -- Up-to-date: /home/alexander/Documents/arduinobot_ws/install/arduinobot_description/share/arduinobot_description/meshes/servo_plate.STL
[0.301s] -- Up-to-date: /home/alexander/Documents/arduinobot_ws/install/arduinobot_description/share/arduinobot_description/meshes/link.STL
[0.301s] -- Up-to-date: /home/alexander/Documents/arduinobot_ws/install/arduinobot_description/share/arduinobot_description/meshes/vertical_drive_arm.STL
[0.302s] -- Up-to-date: /home/alexander/Documents/arduinobot_ws/install/arduinobot_description/share/arduinobot_description/urdf
[0.302s] -- Up-to-date: /home/alexander/Documents/arduinobot_ws/install/arduinobot_description/share/arduinobot_description/urdf/temp.txt
[0.302s] -- Up-to-date: /home/alexander/Documents/arduinobot_ws/install/arduinobot_description/share/arduinobot_description/urdf/arduinobot.urdf.xacro
[0.302s] -- Up-to-date: /home/alexander/Documents/arduinobot_ws/install/arduinobot_description/share/arduinobot_description/launch
[0.302s] -- Up-to-date: /home/alexander/Documents/arduinobot_ws/install/arduinobot_description/share/arduinobot_description/launch/temp.txt
[0.302s] -- Installing: /home/alexander/Documents/arduinobot_ws/install/arduinobot_description/share/arduinobot_description/launch/gazebo.launch.py
[0.302s] -- Up-to-date: /home/alexander/Documents/arduinobot_ws/install/arduinobot_description/share/arduinobot_description/launch/display.launch.py
[0.302s] -- Up-to-date: /home/alexander/Documents/arduinobot_ws/install/arduinobot_description/share/arduinobot_description/rviz
[0.302s] -- Up-to-date: /home/alexander/Documents/arduinobot_ws/install/arduinobot_description/share/arduinobot_description/rviz/display.rviz
[0.304s] -- Up-to-date: /home/alexander/Documents/arduinobot_ws/install/arduinobot_description/share/ament_index/resource_index/package_run_dependencies/arduinobot_description
[0.304s] -- Up-to-date: /home/alexander/Documents/arduinobot_ws/install/arduinobot_description/share/ament_index/resource_index/parent_prefix_path/arduinobot_description
[0.304s] -- Up-to-date: /home/alexander/Documents/arduinobot_ws/install/arduinobot_description/share/arduinobot_description/environment/ament_prefix_path.sh
[0.304s] -- Installing: /home/alexander/Documents/arduinobot_ws/install/arduinobot_description/share/arduinobot_description/environment/ament_prefix_path.dsv
[0.305s] -- Up-to-date: /home/alexander/Documents/arduinobot_ws/install/arduinobot_description/share/arduinobot_description/environment/path.sh
[0.305s] -- Installing: /home/alexander/Documents/arduinobot_ws/install/arduinobot_description/share/arduinobot_description/environment/path.dsv
[0.305s] -- Up-to-date: /home/alexander/Documents/arduinobot_ws/install/arduinobot_description/share/arduinobot_description/local_setup.bash
[0.305s] -- Up-to-date: /home/alexander/Documents/arduinobot_ws/install/arduinobot_description/share/arduinobot_description/local_setup.sh
[0.305s] -- Up-to-date: /home/alexander/Documents/arduinobot_ws/install/arduinobot_description/share/arduinobot_description/local_setup.zsh
[0.307s] -- Installing: /home/alexander/Documents/arduinobot_ws/install/arduinobot_description/share/arduinobot_description/local_setup.dsv
[0.308s] -- Installing: /home/alexander/Documents/arduinobot_ws/install/arduinobot_description/share/arduinobot_description/package.dsv
[0.308s] -- Up-to-date: /home/alexander/Documents/arduinobot_ws/install/arduinobot_description/share/ament_index/resource_index/packages/arduinobot_description
[0.308s] -- Up-to-date: /home/alexander/Documents/arduinobot_ws/install/arduinobot_description/share/arduinobot_description/cmake/arduinobot_descriptionConfig.cmake
[0.308s] -- Up-to-date: /home/alexander/Documents/arduinobot_ws/install/arduinobot_description/share/arduinobot_description/cmake/arduinobot_descriptionConfig-version.cmake
[0.309s] -- Up-to-date: /home/alexander/Documents/arduinobot_ws/install/arduinobot_description/share/arduinobot_description/package.xml
[0.315s] Invoked command in '/home/alexander/Documents/arduinobot_ws/build/arduinobot_description' returned '0': CMAKE_PREFIX_PATH=${CMAKE_PREFIX_PATH}:/home/alexander/Documents/arduinobot_ws/install/arduinobot_py_example:/home/alexander/Documents/arduinobot_ws/install/arduinobot_py:/opt/ros/humble CONDA_PROMPT_MODIFIER=(base) /usr/bin/cmake --install /home/alexander/Documents/arduinobot_ws/build/arduinobot_description
