[0.018s] Invoking command in '/home/alexander/Documents/arduinobot_ws/build/arduinobot_cpp_example': CMAKE_PREFIX_PATH=/opt/ros/humble CONDA_PROMPT_MODIFIER=(base) /usr/bin/cmake --build /home/alexander/Documents/arduinobot_ws/build/arduinobot_cpp_example -- -j12 -l12
[0.227s] Invoked command in '/home/alexander/Documents/arduinobot_ws/build/arduinobot_cpp_example' returned '0': CMAKE_PREFIX_PATH=/opt/ros/humble CONDA_PROMPT_MODIFIER=(base) /usr/bin/cmake --build /home/alexander/Documents/arduinobot_ws/build/arduinobot_cpp_example -- -j12 -l12
[0.251s] Invoking command in '/home/alexander/Documents/arduinobot_ws/build/arduinobot_cpp_example': CMAKE_PREFIX_PATH=/opt/ros/humble CONDA_PROMPT_MODIFIER=(base) /usr/bin/cmake --install /home/alexander/Documents/arduinobot_ws/build/arduinobot_cpp_example
[0.257s] -- Install configuration: ""
[0.257s] -- Up-to-date: /home/alexander/Documents/arduinobot_ws/install/arduinobot_cpp_example/share/ament_index/resource_index/package_run_dependencies/arduinobot_cpp_example
[0.257s] -- Up-to-date: /home/alexander/Documents/arduinobot_ws/install/arduinobot_cpp_example/share/ament_index/resource_index/parent_prefix_path/arduinobot_cpp_example
[0.257s] -- Up-to-date: /home/alexander/Documents/arduinobot_ws/install/arduinobot_cpp_example/share/arduinobot_cpp_example/environment/ament_prefix_path.sh
[0.258s] -- Up-to-date: /home/alexander/Documents/arduinobot_ws/install/arduinobot_cpp_example/share/arduinobot_cpp_example/environment/ament_prefix_path.dsv
[0.258s] -- Up-to-date: /home/alexander/Documents/arduinobot_ws/install/arduinobot_cpp_example/share/arduinobot_cpp_example/environment/path.sh
[0.258s] -- Up-to-date: /home/alexander/Documents/arduinobot_ws/install/arduinobot_cpp_example/share/arduinobot_cpp_example/environment/path.dsv
[0.258s] -- Up-to-date: /home/alexander/Documents/arduinobot_ws/install/arduinobot_cpp_example/share/arduinobot_cpp_example/local_setup.bash
[0.258s] -- Up-to-date: /home/alexander/Documents/arduinobot_ws/install/arduinobot_cpp_example/share/arduinobot_cpp_example/local_setup.sh
[0.258s] -- Up-to-date: /home/alexander/Documents/arduinobot_ws/install/arduinobot_cpp_example/share/arduinobot_cpp_example/local_setup.zsh
[0.258s] -- Up-to-date: /home/alexander/Documents/arduinobot_ws/install/arduinobot_cpp_example/share/arduinobot_cpp_example/local_setup.dsv
[0.258s] -- Up-to-date: /home/alexander/Documents/arduinobot_ws/install/arduinobot_cpp_example/share/arduinobot_cpp_example/package.dsv
[0.258s] -- Up-to-date: /home/alexander/Documents/arduinobot_ws/install/arduinobot_cpp_example/share/ament_index/resource_index/packages/arduinobot_cpp_example
[0.259s] -- Up-to-date: /home/alexander/Documents/arduinobot_ws/install/arduinobot_cpp_example/share/arduinobot_cpp_example/cmake/arduinobot_cpp_exampleConfig.cmake
[0.260s] -- Up-to-date: /home/alexander/Documents/arduinobot_ws/install/arduinobot_cpp_example/share/arduinobot_cpp_example/cmake/arduinobot_cpp_exampleConfig-version.cmake
[0.260s] -- Up-to-date: /home/alexander/Documents/arduinobot_ws/install/arduinobot_cpp_example/share/arduinobot_cpp_example/package.xml
[0.261s] Invoked command in '/home/alexander/Documents/arduinobot_ws/build/arduinobot_cpp_example' returned '0': CMAKE_PREFIX_PATH=/opt/ros/humble CONDA_PROMPT_MODIFIER=(base) /usr/bin/cmake --install /home/alexander/Documents/arduinobot_ws/build/arduinobot_cpp_example
