[0.256s] DEBUG:colcon:Command line arguments: ['/usr/bin/colcon', 'build']
[0.256s] DEBUG:colcon:Parsed command line arguments: Namespace(log_base=None, log_level=None, verb_name='build', build_base='build', install_base='install', merge_install=False, symlink_install=False, test_result_base=None, continue_on_error=False, executor='parallel', parallel_workers=12, event_handlers=None, ignore_user_meta=False, metas=['./colcon.meta'], base_paths=['.'], packages_ignore=None, packages_ignore_regex=None, paths=None, packages_up_to=None, packages_up_to_regex=None, packages_above=None, packages_above_and_dependencies=None, packages_above_depth=None, packages_select_by_dep=None, packages_skip_by_dep=None, packages_skip_up_to=None, packages_select_build_failed=False, packages_skip_build_finished=False, packages_select_test_failures=False, packages_skip_test_passed=False, packages_select=None, packages_skip=None, packages_select_regex=None, packages_skip_regex=None, packages_start=None, packages_end=None, allow_overriding=[], cmake_args=None, cmake_target=None, cmake_target_skip_unavailable=False, cmake_clean_cache=False, cmake_clean_first=False, cmake_force_configure=False, ament_cmake_args=None, catkin_cmake_args=None, catkin_skip_building_tests=False, verb_parser=<colcon_defaults.argument_parser.defaults.DefaultArgumentsDecorator object at 0x7fb3afad3370>, verb_extension=<colcon_core.verb.build.BuildVerb object at 0x7fb3b029dff0>, main=<bound method BuildVerb.main of <colcon_core.verb.build.BuildVerb object at 0x7fb3b029dff0>>)
[0.286s] Level 1:colcon.colcon_core.package_discovery:discover_packages(colcon_meta) check parameters
[0.287s] Level 1:colcon.colcon_core.package_discovery:discover_packages(recursive) check parameters
[0.287s] Level 1:colcon.colcon_core.package_discovery:discover_packages(ignore) check parameters
[0.287s] Level 1:colcon.colcon_core.package_discovery:discover_packages(path) check parameters
[0.287s] Level 1:colcon.colcon_core.package_discovery:discover_packages(colcon_meta) discover
[0.287s] Level 1:colcon.colcon_core.package_discovery:discover_packages(recursive) discover
[0.287s] INFO:colcon.colcon_core.package_discovery:Crawling recursively for packages in '/home/alexander/Documents/arduinobot_ws'
[0.287s] Level 1:colcon.colcon_core.package_identification:_identify(.) by extensions ['ignore', 'ignore_ament_install']
[0.287s] Level 1:colcon.colcon_core.package_identification:_identify(.) by extension 'ignore'
[0.287s] Level 1:colcon.colcon_core.package_identification:_identify(.) by extension 'ignore_ament_install'
[0.287s] Level 1:colcon.colcon_core.package_identification:_identify(.) by extensions ['colcon_pkg']
[0.287s] Level 1:colcon.colcon_core.package_identification:_identify(.) by extension 'colcon_pkg'
[0.287s] Level 1:colcon.colcon_core.package_identification:_identify(.) by extensions ['colcon_meta']
[0.287s] Level 1:colcon.colcon_core.package_identification:_identify(.) by extension 'colcon_meta'
[0.287s] Level 1:colcon.colcon_core.package_identification:_identify(.) by extensions ['ros']
[0.287s] Level 1:colcon.colcon_core.package_identification:_identify(.) by extension 'ros'
[0.296s] Level 1:colcon.colcon_core.package_identification:_identify(.) by extensions ['cmake', 'python']
[0.296s] Level 1:colcon.colcon_core.package_identification:_identify(.) by extension 'cmake'
[0.296s] Level 1:colcon.colcon_core.package_identification:_identify(.) by extension 'python'
[0.297s] Level 1:colcon.colcon_core.package_identification:_identify(.) by extensions ['python_setup_py']
[0.297s] Level 1:colcon.colcon_core.package_identification:_identify(.) by extension 'python_setup_py'
[0.297s] Level 1:colcon.colcon_core.package_identification:_identify(build) by extensions ['ignore', 'ignore_ament_install']
[0.297s] Level 1:colcon.colcon_core.package_identification:_identify(build) by extension 'ignore'
[0.297s] Level 1:colcon.colcon_core.package_identification:_identify(build) ignored
[0.297s] Level 1:colcon.colcon_core.package_identification:_identify(install) by extensions ['ignore', 'ignore_ament_install']
[0.297s] Level 1:colcon.colcon_core.package_identification:_identify(install) by extension 'ignore'
[0.297s] Level 1:colcon.colcon_core.package_identification:_identify(install) ignored
[0.297s] Level 1:colcon.colcon_core.package_identification:_identify(log) by extensions ['ignore', 'ignore_ament_install']
[0.297s] Level 1:colcon.colcon_core.package_identification:_identify(log) by extension 'ignore'
[0.297s] Level 1:colcon.colcon_core.package_identification:_identify(log) ignored
[0.297s] Level 1:colcon.colcon_core.package_identification:_identify(src) by extensions ['ignore', 'ignore_ament_install']
[0.297s] Level 1:colcon.colcon_core.package_identification:_identify(src) by extension 'ignore'
[0.297s] Level 1:colcon.colcon_core.package_identification:_identify(src) by extension 'ignore_ament_install'
[0.297s] Level 1:colcon.colcon_core.package_identification:_identify(src) by extensions ['colcon_pkg']
[0.297s] Level 1:colcon.colcon_core.package_identification:_identify(src) by extension 'colcon_pkg'
[0.297s] Level 1:colcon.colcon_core.package_identification:_identify(src) by extensions ['colcon_meta']
[0.297s] Level 1:colcon.colcon_core.package_identification:_identify(src) by extension 'colcon_meta'
[0.297s] Level 1:colcon.colcon_core.package_identification:_identify(src) by extensions ['ros']
[0.297s] Level 1:colcon.colcon_core.package_identification:_identify(src) by extension 'ros'
[0.298s] Level 1:colcon.colcon_core.package_identification:_identify(src) by extensions ['cmake', 'python']
[0.298s] Level 1:colcon.colcon_core.package_identification:_identify(src) by extension 'cmake'
[0.298s] Level 1:colcon.colcon_core.package_identification:_identify(src) by extension 'python'
[0.298s] Level 1:colcon.colcon_core.package_identification:_identify(src) by extensions ['python_setup_py']
[0.298s] Level 1:colcon.colcon_core.package_identification:_identify(src) by extension 'python_setup_py'
[0.298s] Level 1:colcon.colcon_core.package_identification:_identify(src/arduinobot_cpp_example) by extensions ['ignore', 'ignore_ament_install']
[0.298s] Level 1:colcon.colcon_core.package_identification:_identify(src/arduinobot_cpp_example) by extension 'ignore'
[0.298s] Level 1:colcon.colcon_core.package_identification:_identify(src/arduinobot_cpp_example) by extension 'ignore_ament_install'
[0.298s] Level 1:colcon.colcon_core.package_identification:_identify(src/arduinobot_cpp_example) by extensions ['colcon_pkg']
[0.298s] Level 1:colcon.colcon_core.package_identification:_identify(src/arduinobot_cpp_example) by extension 'colcon_pkg'
[0.298s] Level 1:colcon.colcon_core.package_identification:_identify(src/arduinobot_cpp_example) by extensions ['colcon_meta']
[0.298s] Level 1:colcon.colcon_core.package_identification:_identify(src/arduinobot_cpp_example) by extension 'colcon_meta'
[0.298s] Level 1:colcon.colcon_core.package_identification:_identify(src/arduinobot_cpp_example) by extensions ['ros']
[0.298s] Level 1:colcon.colcon_core.package_identification:_identify(src/arduinobot_cpp_example) by extension 'ros'
[0.300s] DEBUG:colcon.colcon_core.package_identification:Package 'src/arduinobot_cpp_example' with type 'ros.ament_cmake' and name 'arduinobot_cpp_example'
[0.300s] Level 1:colcon.colcon_core.package_identification:_identify(src/arduinobot_py_example) by extensions ['ignore', 'ignore_ament_install']
[0.301s] Level 1:colcon.colcon_core.package_identification:_identify(src/arduinobot_py_example) by extension 'ignore'
[0.301s] Level 1:colcon.colcon_core.package_identification:_identify(src/arduinobot_py_example) by extension 'ignore_ament_install'
[0.301s] Level 1:colcon.colcon_core.package_identification:_identify(src/arduinobot_py_example) by extensions ['colcon_pkg']
[0.301s] Level 1:colcon.colcon_core.package_identification:_identify(src/arduinobot_py_example) by extension 'colcon_pkg'
[0.301s] Level 1:colcon.colcon_core.package_identification:_identify(src/arduinobot_py_example) by extensions ['colcon_meta']
[0.301s] Level 1:colcon.colcon_core.package_identification:_identify(src/arduinobot_py_example) by extension 'colcon_meta'
[0.301s] Level 1:colcon.colcon_core.package_identification:_identify(src/arduinobot_py_example) by extensions ['ros']
[0.301s] Level 1:colcon.colcon_core.package_identification:_identify(src/arduinobot_py_example) by extension 'ros'
[0.301s] DEBUG:colcon.colcon_core.package_identification:Package 'src/arduinobot_py_example' with type 'ros.ament_python' and name 'arduinobot_py_example'
[0.301s] Level 1:colcon.colcon_core.package_discovery:discover_packages(recursive) using defaults
[0.302s] Level 1:colcon.colcon_core.package_discovery:discover_packages(ignore) discover
[0.302s] Level 1:colcon.colcon_core.package_discovery:discover_packages(ignore) using defaults
[0.302s] Level 1:colcon.colcon_core.package_discovery:discover_packages(path) discover
[0.302s] Level 1:colcon.colcon_core.package_discovery:discover_packages(path) using defaults
[0.322s] Level 1:colcon.colcon_core.package_discovery:discover_packages(prefix_path) check parameters
[0.322s] Level 1:colcon.colcon_core.package_discovery:discover_packages(prefix_path) discover
[0.324s] DEBUG:colcon.colcon_installed_package_information.package_discovery:Found 4 installed packages in /home/alexander/Documents/arduinobot_ws/install
[0.326s] DEBUG:colcon.colcon_installed_package_information.package_discovery:Found 352 installed packages in /opt/ros/humble
[0.327s] Level 1:colcon.colcon_core.package_discovery:discover_packages(prefix_path) using defaults
[0.380s] Level 5:colcon.colcon_core.verb:set package 'arduinobot_cpp_example' build argument 'cmake_args' from command line to 'None'
[0.380s] Level 5:colcon.colcon_core.verb:set package 'arduinobot_cpp_example' build argument 'cmake_target' from command line to 'None'
[0.380s] Level 5:colcon.colcon_core.verb:set package 'arduinobot_cpp_example' build argument 'cmake_target_skip_unavailable' from command line to 'False'
[0.380s] Level 5:colcon.colcon_core.verb:set package 'arduinobot_cpp_example' build argument 'cmake_clean_cache' from command line to 'False'
[0.380s] Level 5:colcon.colcon_core.verb:set package 'arduinobot_cpp_example' build argument 'cmake_clean_first' from command line to 'False'
[0.380s] Level 5:colcon.colcon_core.verb:set package 'arduinobot_cpp_example' build argument 'cmake_force_configure' from command line to 'False'
[0.380s] Level 5:colcon.colcon_core.verb:set package 'arduinobot_cpp_example' build argument 'ament_cmake_args' from command line to 'None'
[0.380s] Level 5:colcon.colcon_core.verb:set package 'arduinobot_cpp_example' build argument 'catkin_cmake_args' from command line to 'None'
[0.380s] Level 5:colcon.colcon_core.verb:set package 'arduinobot_cpp_example' build argument 'catkin_skip_building_tests' from command line to 'False'
[0.380s] DEBUG:colcon.colcon_core.verb:Building package 'arduinobot_cpp_example' with the following arguments: {'ament_cmake_args': None, 'build_base': '/home/alexander/Documents/arduinobot_ws/build/arduinobot_cpp_example', 'catkin_cmake_args': None, 'catkin_skip_building_tests': False, 'cmake_args': None, 'cmake_clean_cache': False, 'cmake_clean_first': False, 'cmake_force_configure': False, 'cmake_target': None, 'cmake_target_skip_unavailable': False, 'install_base': '/home/alexander/Documents/arduinobot_ws/install/arduinobot_cpp_example', 'merge_install': False, 'path': '/home/alexander/Documents/arduinobot_ws/src/arduinobot_cpp_example', 'symlink_install': False, 'test_result_base': None}
[0.381s] Level 5:colcon.colcon_core.verb:set package 'arduinobot_py_example' build argument 'cmake_args' from command line to 'None'
[0.381s] Level 5:colcon.colcon_core.verb:set package 'arduinobot_py_example' build argument 'cmake_target' from command line to 'None'
[0.381s] Level 5:colcon.colcon_core.verb:set package 'arduinobot_py_example' build argument 'cmake_target_skip_unavailable' from command line to 'False'
[0.381s] Level 5:colcon.colcon_core.verb:set package 'arduinobot_py_example' build argument 'cmake_clean_cache' from command line to 'False'
[0.381s] Level 5:colcon.colcon_core.verb:set package 'arduinobot_py_example' build argument 'cmake_clean_first' from command line to 'False'
[0.381s] Level 5:colcon.colcon_core.verb:set package 'arduinobot_py_example' build argument 'cmake_force_configure' from command line to 'False'
[0.381s] Level 5:colcon.colcon_core.verb:set package 'arduinobot_py_example' build argument 'ament_cmake_args' from command line to 'None'
[0.381s] Level 5:colcon.colcon_core.verb:set package 'arduinobot_py_example' build argument 'catkin_cmake_args' from command line to 'None'
[0.381s] Level 5:colcon.colcon_core.verb:set package 'arduinobot_py_example' build argument 'catkin_skip_building_tests' from command line to 'False'
[0.382s] DEBUG:colcon.colcon_core.verb:Building package 'arduinobot_py_example' with the following arguments: {'ament_cmake_args': None, 'build_base': '/home/alexander/Documents/arduinobot_ws/build/arduinobot_py_example', 'catkin_cmake_args': None, 'catkin_skip_building_tests': False, 'cmake_args': None, 'cmake_clean_cache': False, 'cmake_clean_first': False, 'cmake_force_configure': False, 'cmake_target': None, 'cmake_target_skip_unavailable': False, 'install_base': '/home/alexander/Documents/arduinobot_ws/install/arduinobot_py_example', 'merge_install': False, 'path': '/home/alexander/Documents/arduinobot_ws/src/arduinobot_py_example', 'symlink_install': False, 'test_result_base': None}
[0.382s] INFO:colcon.colcon_core.executor:Executing jobs using 'parallel' executor
[0.385s] DEBUG:colcon.colcon_parallel_executor.executor.parallel:run_until_complete
[0.385s] INFO:colcon.colcon_ros.task.ament_cmake.build:Building ROS package in '/home/alexander/Documents/arduinobot_ws/src/arduinobot_cpp_example' with build type 'ament_cmake'
[0.385s] INFO:colcon.colcon_cmake.task.cmake.build:Building CMake package in '/home/alexander/Documents/arduinobot_ws/src/arduinobot_cpp_example'
[0.389s] INFO:colcon.colcon_core.plugin_system:Skipping extension 'colcon_core.shell.bat': Not used on non-Windows systems
[0.389s] INFO:colcon.colcon_core.shell:Skip shell extension 'powershell' for command environment: Not usable outside of PowerShell
[0.389s] DEBUG:colcon.colcon_core.shell:Skip shell extension 'dsv' for command environment
[0.393s] INFO:colcon.colcon_ros.task.ament_python.build:Building ROS package in '/home/alexander/Documents/arduinobot_ws/src/arduinobot_py_example' with build type 'ament_python'
[0.393s] Level 1:colcon.colcon_core.shell:create_environment_hook('arduinobot_py_example', 'ament_prefix_path')
[0.394s] INFO:colcon.colcon_core.shell:Creating environment hook '/home/alexander/Documents/arduinobot_ws/install/arduinobot_py_example/share/arduinobot_py_example/hook/ament_prefix_path.ps1'
[0.395s] INFO:colcon.colcon_core.shell:Creating environment descriptor '/home/alexander/Documents/arduinobot_ws/install/arduinobot_py_example/share/arduinobot_py_example/hook/ament_prefix_path.dsv'
[0.395s] INFO:colcon.colcon_core.shell:Creating environment hook '/home/alexander/Documents/arduinobot_ws/install/arduinobot_py_example/share/arduinobot_py_example/hook/ament_prefix_path.sh'
[0.397s] INFO:colcon.colcon_core.shell:Skip shell extension 'powershell' for command environment: Not usable outside of PowerShell
[0.397s] DEBUG:colcon.colcon_core.shell:Skip shell extension 'dsv' for command environment
[0.408s] DEBUG:colcon.colcon_core.event_handler.log_command:Invoking command in '/home/alexander/Documents/arduinobot_ws/build/arduinobot_cpp_example': CMAKE_PREFIX_PATH=${CMAKE_PREFIX_PATH}:/home/alexander/Documents/arduinobot_ws/install/arduinobot_py_example:/home/alexander/Documents/arduinobot_ws/install/arduinobot_py:/opt/ros/humble CONDA_PROMPT_MODIFIER=(base) /usr/bin/cmake --build /home/alexander/Documents/arduinobot_ws/build/arduinobot_cpp_example -- -j12 -l12
[0.645s] INFO:colcon.colcon_core.task.python.build:Building Python package in '/home/alexander/Documents/arduinobot_ws/src/arduinobot_py_example'
[0.647s] INFO:colcon.colcon_core.shell:Skip shell extension 'powershell' for command environment: Not usable outside of PowerShell
[0.647s] DEBUG:colcon.colcon_core.shell:Skip shell extension 'dsv' for command environment
[0.950s] DEBUG:colcon.colcon_core.event_handler.log_command:Invoking command in '/home/alexander/Documents/arduinobot_ws/src/arduinobot_py_example': CONDA_PROMPT_MODIFIER=(base) PYTHONPATH=/home/alexander/Documents/arduinobot_ws/build/arduinobot_py_example/prefix_override:/home/alexander/Documents/arduinobot_ws/install/arduinobot_py_example/lib/python3.10/site-packages:${PYTHONPATH} /usr/bin/python3 setup.py egg_info --egg-base ../../build/arduinobot_py_example build --build-base /home/alexander/Documents/arduinobot_ws/build/arduinobot_py_example/build install --record /home/alexander/Documents/arduinobot_ws/build/arduinobot_py_example/install.log --single-version-externally-managed
[1.199s] DEBUG:colcon.colcon_core.event_handler.log_command:Invoked command in '/home/alexander/Documents/arduinobot_ws/src/arduinobot_py_example' returned '0': CONDA_PROMPT_MODIFIER=(base) PYTHONPATH=/home/alexander/Documents/arduinobot_ws/build/arduinobot_py_example/prefix_override:/home/alexander/Documents/arduinobot_ws/install/arduinobot_py_example/lib/python3.10/site-packages:${PYTHONPATH} /usr/bin/python3 setup.py egg_info --egg-base ../../build/arduinobot_py_example build --build-base /home/alexander/Documents/arduinobot_ws/build/arduinobot_py_example/build install --record /home/alexander/Documents/arduinobot_ws/build/arduinobot_py_example/install.log --single-version-externally-managed
[1.203s] Level 1:colcon.colcon_core.environment:checking '/home/alexander/Documents/arduinobot_ws/install/arduinobot_py_example' for CMake module files
[1.203s] Level 1:colcon.colcon_core.environment:checking '/home/alexander/Documents/arduinobot_ws/install/arduinobot_py_example' for CMake config files
[1.203s] Level 1:colcon.colcon_core.environment:checking '/home/alexander/Documents/arduinobot_ws/install/arduinobot_py_example/lib'
[1.204s] Level 1:colcon.colcon_core.environment:checking '/home/alexander/Documents/arduinobot_ws/install/arduinobot_py_example/bin'
[1.204s] Level 1:colcon.colcon_core.environment:checking '/home/alexander/Documents/arduinobot_ws/install/arduinobot_py_example/lib/pkgconfig/arduinobot_py_example.pc'
[1.204s] Level 1:colcon.colcon_core.environment:checking '/home/alexander/Documents/arduinobot_ws/install/arduinobot_py_example/lib/python3.10/site-packages'
[1.204s] Level 1:colcon.colcon_core.shell:create_environment_hook('arduinobot_py_example', 'pythonpath')
[1.205s] INFO:colcon.colcon_core.shell:Creating environment hook '/home/alexander/Documents/arduinobot_ws/install/arduinobot_py_example/share/arduinobot_py_example/hook/pythonpath.ps1'
[1.205s] INFO:colcon.colcon_core.shell:Creating environment descriptor '/home/alexander/Documents/arduinobot_ws/install/arduinobot_py_example/share/arduinobot_py_example/hook/pythonpath.dsv'
[1.206s] INFO:colcon.colcon_core.shell:Creating environment hook '/home/alexander/Documents/arduinobot_ws/install/arduinobot_py_example/share/arduinobot_py_example/hook/pythonpath.sh'
[1.206s] Level 1:colcon.colcon_core.environment:checking '/home/alexander/Documents/arduinobot_ws/install/arduinobot_py_example/bin'
[1.206s] Level 1:colcon.colcon_core.environment:create_environment_scripts_only(arduinobot_py_example)
[1.207s] INFO:colcon.colcon_core.shell:Creating package script '/home/alexander/Documents/arduinobot_ws/install/arduinobot_py_example/share/arduinobot_py_example/package.ps1'
[1.208s] INFO:colcon.colcon_core.shell:Creating package descriptor '/home/alexander/Documents/arduinobot_ws/install/arduinobot_py_example/share/arduinobot_py_example/package.dsv'
[1.208s] INFO:colcon.colcon_core.shell:Creating package script '/home/alexander/Documents/arduinobot_ws/install/arduinobot_py_example/share/arduinobot_py_example/package.sh'
[1.209s] INFO:colcon.colcon_core.shell:Creating package script '/home/alexander/Documents/arduinobot_ws/install/arduinobot_py_example/share/arduinobot_py_example/package.bash'
[1.209s] INFO:colcon.colcon_core.shell:Creating package script '/home/alexander/Documents/arduinobot_ws/install/arduinobot_py_example/share/arduinobot_py_example/package.zsh'
[1.210s] Level 1:colcon.colcon_core.environment:create_file_with_runtime_dependencies(/home/alexander/Documents/arduinobot_ws/install/arduinobot_py_example/share/colcon-core/packages/arduinobot_py_example)
[7.977s] DEBUG:colcon.colcon_core.event_handler.log_command:Invoked command in '/home/alexander/Documents/arduinobot_ws/build/arduinobot_cpp_example' returned '0': CMAKE_PREFIX_PATH=${CMAKE_PREFIX_PATH}:/home/alexander/Documents/arduinobot_ws/install/arduinobot_py_example:/home/alexander/Documents/arduinobot_ws/install/arduinobot_py:/opt/ros/humble CONDA_PROMPT_MODIFIER=(base) /usr/bin/cmake --build /home/alexander/Documents/arduinobot_ws/build/arduinobot_cpp_example -- -j12 -l12
[8.008s] DEBUG:colcon.colcon_core.event_handler.log_command:Invoking command in '/home/alexander/Documents/arduinobot_ws/build/arduinobot_cpp_example': CMAKE_PREFIX_PATH=${CMAKE_PREFIX_PATH}:/home/alexander/Documents/arduinobot_ws/install/arduinobot_py_example:/home/alexander/Documents/arduinobot_ws/install/arduinobot_py:/opt/ros/humble CONDA_PROMPT_MODIFIER=(base) /usr/bin/cmake --install /home/alexander/Documents/arduinobot_ws/build/arduinobot_cpp_example
[8.021s] Level 1:colcon.colcon_core.environment:create_environment_scripts_only(arduinobot_cpp_example)
[8.022s] Level 1:colcon.colcon_core.environment:checking '/home/alexander/Documents/arduinobot_ws/install/arduinobot_cpp_example' for CMake module files
[8.023s] DEBUG:colcon.colcon_core.event_handler.log_command:Invoked command in '/home/alexander/Documents/arduinobot_ws/build/arduinobot_cpp_example' returned '0': CMAKE_PREFIX_PATH=${CMAKE_PREFIX_PATH}:/home/alexander/Documents/arduinobot_ws/install/arduinobot_py_example:/home/alexander/Documents/arduinobot_ws/install/arduinobot_py:/opt/ros/humble CONDA_PROMPT_MODIFIER=(base) /usr/bin/cmake --install /home/alexander/Documents/arduinobot_ws/build/arduinobot_cpp_example
[8.023s] Level 1:colcon.colcon_core.environment:checking '/home/alexander/Documents/arduinobot_ws/install/arduinobot_cpp_example' for CMake config files
[8.023s] Level 1:colcon.colcon_core.shell:create_environment_hook('arduinobot_cpp_example', 'cmake_prefix_path')
[8.024s] INFO:colcon.colcon_core.shell:Creating environment hook '/home/alexander/Documents/arduinobot_ws/install/arduinobot_cpp_example/share/arduinobot_cpp_example/hook/cmake_prefix_path.ps1'
[8.025s] INFO:colcon.colcon_core.shell:Creating environment descriptor '/home/alexander/Documents/arduinobot_ws/install/arduinobot_cpp_example/share/arduinobot_cpp_example/hook/cmake_prefix_path.dsv'
[8.025s] INFO:colcon.colcon_core.shell:Creating environment hook '/home/alexander/Documents/arduinobot_ws/install/arduinobot_cpp_example/share/arduinobot_cpp_example/hook/cmake_prefix_path.sh'
[8.026s] Level 1:colcon.colcon_core.environment:checking '/home/alexander/Documents/arduinobot_ws/install/arduinobot_cpp_example/lib'
[8.026s] Level 1:colcon.colcon_core.environment:checking '/home/alexander/Documents/arduinobot_ws/install/arduinobot_cpp_example/bin'
[8.026s] Level 1:colcon.colcon_core.environment:checking '/home/alexander/Documents/arduinobot_ws/install/arduinobot_cpp_example/lib/pkgconfig/arduinobot_cpp_example.pc'
[8.026s] Level 1:colcon.colcon_core.environment:checking '/home/alexander/Documents/arduinobot_ws/install/arduinobot_cpp_example/lib/python3.10/site-packages'
[8.026s] Level 1:colcon.colcon_core.environment:checking '/home/alexander/Documents/arduinobot_ws/install/arduinobot_cpp_example/bin'
[8.027s] INFO:colcon.colcon_core.shell:Creating package script '/home/alexander/Documents/arduinobot_ws/install/arduinobot_cpp_example/share/arduinobot_cpp_example/package.ps1'
[8.028s] INFO:colcon.colcon_core.shell:Creating package descriptor '/home/alexander/Documents/arduinobot_ws/install/arduinobot_cpp_example/share/arduinobot_cpp_example/package.dsv'
[8.028s] INFO:colcon.colcon_core.shell:Creating package script '/home/alexander/Documents/arduinobot_ws/install/arduinobot_cpp_example/share/arduinobot_cpp_example/package.sh'
[8.028s] INFO:colcon.colcon_core.shell:Creating package script '/home/alexander/Documents/arduinobot_ws/install/arduinobot_cpp_example/share/arduinobot_cpp_example/package.bash'
[8.028s] INFO:colcon.colcon_core.shell:Creating package script '/home/alexander/Documents/arduinobot_ws/install/arduinobot_cpp_example/share/arduinobot_cpp_example/package.zsh'
[8.029s] Level 1:colcon.colcon_core.environment:create_file_with_runtime_dependencies(/home/alexander/Documents/arduinobot_ws/install/arduinobot_cpp_example/share/colcon-core/packages/arduinobot_cpp_example)
[8.051s] Level 1:colcon.colcon_core.environment:create_environment_scripts_only(arduinobot_cpp_example)
[8.053s] Level 1:colcon.colcon_core.environment:checking '/home/alexander/Documents/arduinobot_ws/install/arduinobot_cpp_example' for CMake module files
[8.053s] Level 1:colcon.colcon_core.environment:checking '/home/alexander/Documents/arduinobot_ws/install/arduinobot_cpp_example' for CMake config files
[8.053s] Level 1:colcon.colcon_core.shell:create_environment_hook('arduinobot_cpp_example', 'cmake_prefix_path')
[8.054s] INFO:colcon.colcon_core.shell:Creating environment hook '/home/alexander/Documents/arduinobot_ws/install/arduinobot_cpp_example/share/arduinobot_cpp_example/hook/cmake_prefix_path.ps1'
[8.054s] INFO:colcon.colcon_core.shell:Creating environment descriptor '/home/alexander/Documents/arduinobot_ws/install/arduinobot_cpp_example/share/arduinobot_cpp_example/hook/cmake_prefix_path.dsv'
[8.055s] INFO:colcon.colcon_core.shell:Creating environment hook '/home/alexander/Documents/arduinobot_ws/install/arduinobot_cpp_example/share/arduinobot_cpp_example/hook/cmake_prefix_path.sh'
[8.055s] Level 1:colcon.colcon_core.environment:checking '/home/alexander/Documents/arduinobot_ws/install/arduinobot_cpp_example/lib'
[8.055s] Level 1:colcon.colcon_core.environment:checking '/home/alexander/Documents/arduinobot_ws/install/arduinobot_cpp_example/bin'
[8.055s] Level 1:colcon.colcon_core.environment:checking '/home/alexander/Documents/arduinobot_ws/install/arduinobot_cpp_example/lib/pkgconfig/arduinobot_cpp_example.pc'
[8.055s] Level 1:colcon.colcon_core.environment:checking '/home/alexander/Documents/arduinobot_ws/install/arduinobot_cpp_example/lib/python3.10/site-packages'
[8.056s] Level 1:colcon.colcon_core.environment:checking '/home/alexander/Documents/arduinobot_ws/install/arduinobot_cpp_example/bin'
[8.057s] INFO:colcon.colcon_core.shell:Creating package script '/home/alexander/Documents/arduinobot_ws/install/arduinobot_cpp_example/share/arduinobot_cpp_example/package.ps1'
[8.057s] INFO:colcon.colcon_core.shell:Creating package descriptor '/home/alexander/Documents/arduinobot_ws/install/arduinobot_cpp_example/share/arduinobot_cpp_example/package.dsv'
[8.058s] INFO:colcon.colcon_core.shell:Creating package script '/home/alexander/Documents/arduinobot_ws/install/arduinobot_cpp_example/share/arduinobot_cpp_example/package.sh'
[8.058s] INFO:colcon.colcon_core.shell:Creating package script '/home/alexander/Documents/arduinobot_ws/install/arduinobot_cpp_example/share/arduinobot_cpp_example/package.bash'
[8.058s] INFO:colcon.colcon_core.shell:Creating package script '/home/alexander/Documents/arduinobot_ws/install/arduinobot_cpp_example/share/arduinobot_cpp_example/package.zsh'
[8.059s] Level 1:colcon.colcon_core.environment:create_file_with_runtime_dependencies(/home/alexander/Documents/arduinobot_ws/install/arduinobot_cpp_example/share/colcon-core/packages/arduinobot_cpp_example)
[8.059s] DEBUG:colcon.colcon_parallel_executor.executor.parallel:closing loop
[8.059s] DEBUG:colcon.colcon_parallel_executor.executor.parallel:loop closed
[8.059s] DEBUG:colcon.colcon_parallel_executor.executor.parallel:run_until_complete finished with '0'
[8.060s] DEBUG:colcon.colcon_core.event_reactor:joining thread
[8.064s] INFO:colcon.colcon_core.plugin_system:Skipping extension 'colcon_notification.desktop_notification.terminal_notifier': Not used on non-Darwin systems
[8.064s] INFO:colcon.colcon_core.plugin_system:Skipping extension 'colcon_notification.desktop_notification.win32': Not used on non-Windows systems
[8.064s] INFO:colcon.colcon_notification.desktop_notification:Sending desktop notification using 'notify2'
[8.075s] DEBUG:colcon.colcon_core.event_reactor:joined thread
[8.078s] INFO:colcon.colcon_core.shell:Creating prefix script '/home/alexander/Documents/arduinobot_ws/install/local_setup.ps1'
[8.079s] INFO:colcon.colcon_core.shell:Creating prefix util module '/home/alexander/Documents/arduinobot_ws/install/_local_setup_util_ps1.py'
[8.080s] INFO:colcon.colcon_core.shell:Creating prefix chain script '/home/alexander/Documents/arduinobot_ws/install/setup.ps1'
[8.081s] INFO:colcon.colcon_core.shell:Creating prefix script '/home/alexander/Documents/arduinobot_ws/install/local_setup.sh'
[8.082s] INFO:colcon.colcon_core.shell:Creating prefix util module '/home/alexander/Documents/arduinobot_ws/install/_local_setup_util_sh.py'
[8.082s] INFO:colcon.colcon_core.shell:Creating prefix chain script '/home/alexander/Documents/arduinobot_ws/install/setup.sh'
[8.084s] INFO:colcon.colcon_core.shell:Creating prefix script '/home/alexander/Documents/arduinobot_ws/install/local_setup.bash'
[8.084s] INFO:colcon.colcon_core.shell:Creating prefix chain script '/home/alexander/Documents/arduinobot_ws/install/setup.bash'
[8.085s] INFO:colcon.colcon_core.shell:Creating prefix script '/home/alexander/Documents/arduinobot_ws/install/local_setup.zsh'
[8.086s] INFO:colcon.colcon_core.shell:Creating prefix chain script '/home/alexander/Documents/arduinobot_ws/install/setup.zsh'
