[0.018s] Invoking command in '/home/alexander/Documents/arduinobot_ws/build/arduinobot_description': CMAKE_PREFIX_PATH=/opt/ros/humble CONDA_PROMPT_MODIFIER=(base) /usr/bin/cmake /home/alexander/Documents/arduinobot_ws/src/arduinobot_description -DCMAKE_INSTALL_PREFIX=/home/alexander/Documents/arduinobot_ws/install/arduinobot_description
[0.068s] -- The C compiler identification is GNU 11.4.0
[0.121s] -- The CXX compiler identification is GNU 11.4.0
[0.130s] -- Detecting C compiler ABI info
[0.191s] -- Detecting C compiler ABI info - done
[0.198s] -- Check for working C compiler: /usr/bin/cc - skipped
[0.198s] -- Detecting C compile features
[0.199s] -- Detecting C compile features - done
[0.201s] -- Detecting CXX compiler ABI info
[0.271s] -- Detecting CXX compiler ABI info - done
[0.278s] -- Check for working CXX compiler: /usr/bin/c++ - skipped
[0.278s] -- Detecting CXX compile features
[0.278s] -- Detecting CXX compile features - done
[0.281s] -- Found ament_cmake: 1.3.5 (/opt/ros/humble/share/ament_cmake/cmake)
[0.939s] -- Found Python3: /home/alexander/anaconda3/bin/python3.10 (found version "3.10.9") found components: Interpreter 
[1.033s] -- Found ament_lint_auto: 0.12.7 (/opt/ros/humble/share/ament_lint_auto/cmake)
[1.125s] -- Added test 'lint_cmake' to check CMake code style
[1.126s] -- Added test 'xmllint' to check XML markup files
[1.128s] -- Configuring done
[1.130s] -- Generating done
[1.131s] -- Build files have been written to: /home/alexander/Documents/arduinobot_ws/build/arduinobot_description
[1.134s] Invoked command in '/home/alexander/Documents/arduinobot_ws/build/arduinobot_description' returned '0': CMAKE_PREFIX_PATH=/opt/ros/humble CONDA_PROMPT_MODIFIER=(base) /usr/bin/cmake /home/alexander/Documents/arduinobot_ws/src/arduinobot_description -DCMAKE_INSTALL_PREFIX=/home/alexander/Documents/arduinobot_ws/install/arduinobot_description
[1.137s] Invoking command in '/home/alexander/Documents/arduinobot_ws/build/arduinobot_description': CMAKE_PREFIX_PATH=/opt/ros/humble CONDA_PROMPT_MODIFIER=(base) /usr/bin/cmake --build /home/alexander/Documents/arduinobot_ws/build/arduinobot_description -- -j12 -l12
[1.168s] Invoked command in '/home/alexander/Documents/arduinobot_ws/build/arduinobot_description' returned '0': CMAKE_PREFIX_PATH=/opt/ros/humble CONDA_PROMPT_MODIFIER=(base) /usr/bin/cmake --build /home/alexander/Documents/arduinobot_ws/build/arduinobot_description -- -j12 -l12
[1.194s] Invoking command in '/home/alexander/Documents/arduinobot_ws/build/arduinobot_description': CMAKE_PREFIX_PATH=/opt/ros/humble CONDA_PROMPT_MODIFIER=(base) /usr/bin/cmake --install /home/alexander/Documents/arduinobot_ws/build/arduinobot_description
[1.199s] -- Install configuration: ""
[1.200s] -- Installing: /home/alexander/Documents/arduinobot_ws/install/arduinobot_description/share/ament_index/resource_index/package_run_dependencies/arduinobot_description
[1.200s] -- Installing: /home/alexander/Documents/arduinobot_ws/install/arduinobot_description/share/ament_index/resource_index/parent_prefix_path/arduinobot_description
[1.200s] -- Installing: /home/alexander/Documents/arduinobot_ws/install/arduinobot_description/share/arduinobot_description/environment/ament_prefix_path.sh
[1.200s] -- Installing: /home/alexander/Documents/arduinobot_ws/install/arduinobot_description/share/arduinobot_description/environment/ament_prefix_path.dsv
[1.200s] -- Installing: /home/alexander/Documents/arduinobot_ws/install/arduinobot_description/share/arduinobot_description/environment/path.sh
[1.200s] -- Installing: /home/alexander/Documents/arduinobot_ws/install/arduinobot_description/share/arduinobot_description/environment/path.dsv
[1.200s] -- Installing: /home/alexander/Documents/arduinobot_ws/install/arduinobot_description/share/arduinobot_description/local_setup.bash
[1.200s] -- Installing: /home/alexander/Documents/arduinobot_ws/install/arduinobot_description/share/arduinobot_description/local_setup.sh
[1.200s] -- Installing: /home/alexander/Documents/arduinobot_ws/install/arduinobot_description/share/arduinobot_description/local_setup.zsh
[1.200s] -- Installing: /home/alexander/Documents/arduinobot_ws/install/arduinobot_description/share/arduinobot_description/local_setup.dsv
[1.200s] -- Installing: /home/alexander/Documents/arduinobot_ws/install/arduinobot_description/share/arduinobot_description/package.dsv
[1.201s] -- Installing: /home/alexander/Documents/arduinobot_ws/install/arduinobot_description/share/ament_index/resource_index/packages/arduinobot_description
[1.201s] -- Installing: /home/alexander/Documents/arduinobot_ws/install/arduinobot_description/share/arduinobot_description/cmake/arduinobot_descriptionConfig.cmake
[1.201s] -- Installing: /home/alexander/Documents/arduinobot_ws/install/arduinobot_description/share/arduinobot_description/cmake/arduinobot_descriptionConfig-version.cmake
[1.201s] -- Installing: /home/alexander/Documents/arduinobot_ws/install/arduinobot_description/share/arduinobot_description/package.xml
[1.205s] Invoked command in '/home/alexander/Documents/arduinobot_ws/build/arduinobot_description' returned '0': CMAKE_PREFIX_PATH=/opt/ros/humble CONDA_PROMPT_MODIFIER=(base) /usr/bin/cmake --install /home/alexander/Documents/arduinobot_ws/build/arduinobot_description
