[0.021s] Invoking command in '/home/alexander/Documents/arduinobot_ws/src/build/arduinobot_description': CMAKE_PREFIX_PATH=${CMAKE_PREFIX_PATH}:/home/alexander/Documents/arduinobot_ws/install/arduinobot_py_example:/home/alexander/Documents/arduinobot_ws/install/arduinobot_py:/opt/ros/humble /usr/bin/cmake /home/alexander/Documents/arduinobot_ws/src/arduinobot_description -DCMAKE_INSTALL_PREFIX=/home/alexander/Documents/arduinobot_ws/src/install/arduinobot_description
[0.104s] -- The C compiler identification is GNU 11.4.0
[0.184s] -- The CXX compiler identification is GNU 11.4.0
[0.193s] -- Detecting C compiler ABI info
[0.263s] -- Detecting C compiler ABI info - done
[0.270s] -- Check for working C compiler: /usr/bin/cc - skipped
[0.270s] -- Detecting C compile features
[0.271s] -- Detecting C compile features - done
[0.274s] -- Detecting CXX compiler ABI info
[0.351s] -- Detecting CXX compiler ABI info - done
[0.358s] -- Check for working CXX compiler: /usr/bin/c++ - skipped
[0.358s] -- Detecting CXX compile features
[0.359s] -- Detecting CXX compile features - done
[0.362s] -- Found ament_cmake: 1.3.5 (/opt/ros/humble/share/ament_cmake/cmake)
[0.531s] -- Found Python3: /usr/bin/python3.10 (found version "3.10.12") found components: Interpreter 
[0.640s] -- Found ament_lint_auto: 0.12.7 (/opt/ros/humble/share/ament_lint_auto/cmake)
[0.715s] -- Added test 'flake8' to check Python code syntax and style conventions
[0.716s] -- Added test 'lint_cmake' to check CMake code style
[0.717s] -- Added test 'pep257' to check Python code against some of the docstring style conventions in PEP 257
[0.718s] -- Added test 'xmllint' to check XML markup files
[0.720s] -- Configuring done
[0.723s] -- Generating done
[0.724s] -- Build files have been written to: /home/alexander/Documents/arduinobot_ws/src/build/arduinobot_description
[0.730s] Invoked command in '/home/alexander/Documents/arduinobot_ws/src/build/arduinobot_description' returned '0': CMAKE_PREFIX_PATH=${CMAKE_PREFIX_PATH}:/home/alexander/Documents/arduinobot_ws/install/arduinobot_py_example:/home/alexander/Documents/arduinobot_ws/install/arduinobot_py:/opt/ros/humble /usr/bin/cmake /home/alexander/Documents/arduinobot_ws/src/arduinobot_description -DCMAKE_INSTALL_PREFIX=/home/alexander/Documents/arduinobot_ws/src/install/arduinobot_description
[0.731s] Invoking command in '/home/alexander/Documents/arduinobot_ws/src/build/arduinobot_description': CMAKE_PREFIX_PATH=${CMAKE_PREFIX_PATH}:/home/alexander/Documents/arduinobot_ws/install/arduinobot_py_example:/home/alexander/Documents/arduinobot_ws/install/arduinobot_py:/opt/ros/humble /usr/bin/cmake --build /home/alexander/Documents/arduinobot_ws/src/build/arduinobot_description -- -j12 -l12
[0.765s] Invoked command in '/home/alexander/Documents/arduinobot_ws/src/build/arduinobot_description' returned '0': CMAKE_PREFIX_PATH=${CMAKE_PREFIX_PATH}:/home/alexander/Documents/arduinobot_ws/install/arduinobot_py_example:/home/alexander/Documents/arduinobot_ws/install/arduinobot_py:/opt/ros/humble /usr/bin/cmake --build /home/alexander/Documents/arduinobot_ws/src/build/arduinobot_description -- -j12 -l12
[0.791s] Invoking command in '/home/alexander/Documents/arduinobot_ws/src/build/arduinobot_description': CMAKE_PREFIX_PATH=${CMAKE_PREFIX_PATH}:/home/alexander/Documents/arduinobot_ws/install/arduinobot_py_example:/home/alexander/Documents/arduinobot_ws/install/arduinobot_py:/opt/ros/humble /usr/bin/cmake --install /home/alexander/Documents/arduinobot_ws/src/build/arduinobot_description
[0.799s] -- Install configuration: ""
[0.799s] -- Installing: /home/alexander/Documents/arduinobot_ws/src/install/arduinobot_description/share/arduinobot_description/meshes
[0.799s] -- Installing: /home/alexander/Documents/arduinobot_ws/src/install/arduinobot_description/share/arduinobot_description/meshes/plate.STL
[0.804s] -- Installing: /home/alexander/Documents/arduinobot_ws/src/install/arduinobot_description/share/arduinobot_description/meshes/base_plate.STL
[0.807s] -- Installing: /home/alexander/Documents/arduinobot_ws/src/install/arduinobot_description/share/arduinobot_description/meshes/claw_support.STL
[0.811s] -- Installing: /home/alexander/Documents/arduinobot_ws/src/install/arduinobot_description/share/arduinobot_description/meshes/right_finger.STL
[0.811s] -- Installing: /home/alexander/Documents/arduinobot_ws/src/install/arduinobot_description/share/arduinobot_description/meshes/basement.STL
[0.815s] -- Installing: /home/alexander/Documents/arduinobot_ws/src/install/arduinobot_description/share/arduinobot_description/meshes/left_finger.STL
[0.816s] -- Installing: /home/alexander/Documents/arduinobot_ws/src/install/arduinobot_description/share/arduinobot_description/meshes/round_plate.STL
[0.817s] -- Installing: /home/alexander/Documents/arduinobot_ws/src/install/arduinobot_description/share/arduinobot_description/meshes/forward_drive_arm.STL
[0.821s] -- Installing: /home/alexander/Documents/arduinobot_ws/src/install/arduinobot_description/share/arduinobot_description/meshes/triangular_link.STL
[0.822s] -- Installing: /home/alexander/Documents/arduinobot_ws/src/install/arduinobot_description/share/arduinobot_description/meshes/horizontal_arm.STL
[0.826s] -- Installing: /home/alexander/Documents/arduinobot_ws/src/install/arduinobot_description/share/arduinobot_description/meshes/servo_plate.STL
[0.827s] -- Installing: /home/alexander/Documents/arduinobot_ws/src/install/arduinobot_description/share/arduinobot_description/meshes/link.STL
[0.829s] -- Installing: /home/alexander/Documents/arduinobot_ws/src/install/arduinobot_description/share/arduinobot_description/meshes/vertical_drive_arm.STL
[0.832s] -- Installing: /home/alexander/Documents/arduinobot_ws/src/install/arduinobot_description/share/arduinobot_description/urdf
[0.832s] -- Installing: /home/alexander/Documents/arduinobot_ws/src/install/arduinobot_description/share/arduinobot_description/urdf/arduinobot_gazebo.xacro
[0.832s] -- Installing: /home/alexander/Documents/arduinobot_ws/src/install/arduinobot_description/share/arduinobot_description/urdf/arduinobot_ros2_control.xacro
[0.832s] -- Installing: /home/alexander/Documents/arduinobot_ws/src/install/arduinobot_description/share/arduinobot_description/urdf/arduinobot.urdf.xacro
[0.833s] -- Installing: /home/alexander/Documents/arduinobot_ws/src/install/arduinobot_description/share/arduinobot_description/launch
[0.833s] -- Installing: /home/alexander/Documents/arduinobot_ws/src/install/arduinobot_description/share/arduinobot_description/launch/gazebo.launch.py
[0.833s] -- Installing: /home/alexander/Documents/arduinobot_ws/src/install/arduinobot_description/share/arduinobot_description/launch/display.launch.py
[0.833s] -- Installing: /home/alexander/Documents/arduinobot_ws/src/install/arduinobot_description/share/arduinobot_description/rviz
[0.833s] -- Installing: /home/alexander/Documents/arduinobot_ws/src/install/arduinobot_description/share/arduinobot_description/rviz/display.rviz
[0.834s] -- Installing: /home/alexander/Documents/arduinobot_ws/src/install/arduinobot_description/share/ament_index/resource_index/package_run_dependencies/arduinobot_description
[0.834s] -- Installing: /home/alexander/Documents/arduinobot_ws/src/install/arduinobot_description/share/ament_index/resource_index/parent_prefix_path/arduinobot_description
[0.834s] -- Installing: /home/alexander/Documents/arduinobot_ws/src/install/arduinobot_description/share/arduinobot_description/environment/ament_prefix_path.sh
[0.834s] -- Installing: /home/alexander/Documents/arduinobot_ws/src/install/arduinobot_description/share/arduinobot_description/environment/ament_prefix_path.dsv
[0.834s] -- Installing: /home/alexander/Documents/arduinobot_ws/src/install/arduinobot_description/share/arduinobot_description/environment/path.sh
[0.834s] -- Installing: /home/alexander/Documents/arduinobot_ws/src/install/arduinobot_description/share/arduinobot_description/environment/path.dsv
[0.834s] -- Installing: /home/alexander/Documents/arduinobot_ws/src/install/arduinobot_description/share/arduinobot_description/local_setup.bash
[0.835s] -- Installing: /home/alexander/Documents/arduinobot_ws/src/install/arduinobot_description/share/arduinobot_description/local_setup.sh
[0.835s] -- Installing: /home/alexander/Documents/arduinobot_ws/src/install/arduinobot_description/share/arduinobot_description/local_setup.zsh
[0.835s] -- Installing: /home/alexander/Documents/arduinobot_ws/src/install/arduinobot_description/share/arduinobot_description/local_setup.dsv
[0.835s] -- Installing: /home/alexander/Documents/arduinobot_ws/src/install/arduinobot_description/share/arduinobot_description/package.dsv
[0.835s] -- Installing: /home/alexander/Documents/arduinobot_ws/src/install/arduinobot_description/share/ament_index/resource_index/packages/arduinobot_description
[0.835s] -- Installing: /home/alexander/Documents/arduinobot_ws/src/install/arduinobot_description/share/arduinobot_description/cmake/arduinobot_descriptionConfig.cmake
[0.835s] -- Installing: /home/alexander/Documents/arduinobot_ws/src/install/arduinobot_description/share/arduinobot_description/cmake/arduinobot_descriptionConfig-version.cmake
[0.835s] -- Installing: /home/alexander/Documents/arduinobot_ws/src/install/arduinobot_description/share/arduinobot_description/package.xml
[0.839s] Invoked command in '/home/alexander/Documents/arduinobot_ws/src/build/arduinobot_description' returned '0': CMAKE_PREFIX_PATH=${CMAKE_PREFIX_PATH}:/home/alexander/Documents/arduinobot_ws/install/arduinobot_py_example:/home/alexander/Documents/arduinobot_ws/install/arduinobot_py:/opt/ros/humble /usr/bin/cmake --install /home/alexander/Documents/arduinobot_ws/src/build/arduinobot_description
