[0.019s] Invoking command in '/home/alexander/Documents/arduinobot_ws/build/arduinobot_description': CMAKE_PREFIX_PATH=/opt/ros/humble CONDA_PROMPT_MODIFIER=(base) /usr/bin/cmake --build /home/alexander/Documents/arduinobot_ws/build/arduinobot_description -- -j12 -l12
[0.036s] -- Found ament_cmake: 1.3.5 (/opt/ros/humble/share/ament_cmake/cmake)
[0.163s] -- Found ament_lint_auto: 0.12.7 (/opt/ros/humble/share/ament_lint_auto/cmake)
[0.237s] -- Added test 'lint_cmake' to check CMake code style
[0.238s] -- Added test 'xmllint' to check XML markup files
[0.239s] -- Configuring done
[0.241s] -- Generating done
[0.242s] -- Build files have been written to: /home/alexander/Documents/arduinobot_ws/build/arduinobot_description
[0.267s] Invoked command in '/home/alexander/Documents/arduinobot_ws/build/arduinobot_description' returned '0': CMAKE_PREFIX_PATH=/opt/ros/humble CONDA_PROMPT_MODIFIER=(base) /usr/bin/cmake --build /home/alexander/Documents/arduinobot_ws/build/arduinobot_description -- -j12 -l12
[0.296s] Invoking command in '/home/alexander/Documents/arduinobot_ws/build/arduinobot_description': CMAKE_PREFIX_PATH=/opt/ros/humble CONDA_PROMPT_MODIFIER=(base) /usr/bin/cmake --install /home/alexander/Documents/arduinobot_ws/build/arduinobot_description
[0.302s] -- Install configuration: ""
[0.302s] -- Installing: /home/alexander/Documents/arduinobot_ws/install/arduinobot_description/share/arduinobot_description/meshes
[0.302s] -- Installing: /home/alexander/Documents/arduinobot_ws/install/arduinobot_description/share/arduinobot_description/meshes/plate.STL
[0.306s] -- Installing: /home/alexander/Documents/arduinobot_ws/install/arduinobot_description/share/arduinobot_description/meshes/base_plate.STL
[0.310s] -- Installing: /home/alexander/Documents/arduinobot_ws/install/arduinobot_description/share/arduinobot_description/meshes/claw_support.STL
[0.311s] -- Installing: /home/alexander/Documents/arduinobot_ws/install/arduinobot_description/share/arduinobot_description/meshes/right_finger.STL
[0.311s] -- Installing: /home/alexander/Documents/arduinobot_ws/install/arduinobot_description/share/arduinobot_description/meshes/basement.STL
[0.312s] -- Installing: /home/alexander/Documents/arduinobot_ws/install/arduinobot_description/share/arduinobot_description/meshes/left_finger.STL
[0.312s] -- Installing: /home/alexander/Documents/arduinobot_ws/install/arduinobot_description/share/arduinobot_description/meshes/round_plate.STL
[0.313s] -- Installing: /home/alexander/Documents/arduinobot_ws/install/arduinobot_description/share/arduinobot_description/meshes/forward_drive_arm.STL
[0.316s] -- Installing: /home/alexander/Documents/arduinobot_ws/install/arduinobot_description/share/arduinobot_description/meshes/triangular_link.STL
[0.317s] -- Installing: /home/alexander/Documents/arduinobot_ws/install/arduinobot_description/share/arduinobot_description/meshes/horizontal_arm.STL
[0.322s] -- Installing: /home/alexander/Documents/arduinobot_ws/install/arduinobot_description/share/arduinobot_description/meshes/servo_plate.STL
[0.323s] -- Installing: /home/alexander/Documents/arduinobot_ws/install/arduinobot_description/share/arduinobot_description/meshes/link.STL
[0.323s] -- Installing: /home/alexander/Documents/arduinobot_ws/install/arduinobot_description/share/arduinobot_description/meshes/vertical_drive_arm.STL
[0.326s] -- Installing: /home/alexander/Documents/arduinobot_ws/install/arduinobot_description/share/arduinobot_description/urdf
[0.326s] -- Installing: /home/alexander/Documents/arduinobot_ws/install/arduinobot_description/share/arduinobot_description/urdf/arduinobot.urdf.xacro
[0.326s] -- Up-to-date: /home/alexander/Documents/arduinobot_ws/install/arduinobot_description/share/ament_index/resource_index/package_run_dependencies/arduinobot_description
[0.326s] -- Up-to-date: /home/alexander/Documents/arduinobot_ws/install/arduinobot_description/share/ament_index/resource_index/parent_prefix_path/arduinobot_description
[0.327s] -- Up-to-date: /home/alexander/Documents/arduinobot_ws/install/arduinobot_description/share/arduinobot_description/environment/ament_prefix_path.sh
[0.327s] -- Installing: /home/alexander/Documents/arduinobot_ws/install/arduinobot_description/share/arduinobot_description/environment/ament_prefix_path.dsv
[0.327s] -- Up-to-date: /home/alexander/Documents/arduinobot_ws/install/arduinobot_description/share/arduinobot_description/environment/path.sh
[0.328s] -- Installing: /home/alexander/Documents/arduinobot_ws/install/arduinobot_description/share/arduinobot_description/environment/path.dsv
[0.329s] -- Up-to-date: /home/alexander/Documents/arduinobot_ws/install/arduinobot_description/share/arduinobot_description/local_setup.bash
[0.330s] -- Up-to-date: /home/alexander/Documents/arduinobot_ws/install/arduinobot_description/share/arduinobot_description/local_setup.sh
[0.330s] -- Up-to-date: /home/alexander/Documents/arduinobot_ws/install/arduinobot_description/share/arduinobot_description/local_setup.zsh
[0.330s] -- Installing: /home/alexander/Documents/arduinobot_ws/install/arduinobot_description/share/arduinobot_description/local_setup.dsv
[0.331s] -- Installing: /home/alexander/Documents/arduinobot_ws/install/arduinobot_description/share/arduinobot_description/package.dsv
[0.331s] -- Up-to-date: /home/alexander/Documents/arduinobot_ws/install/arduinobot_description/share/ament_index/resource_index/packages/arduinobot_description
[0.331s] -- Up-to-date: /home/alexander/Documents/arduinobot_ws/install/arduinobot_description/share/arduinobot_description/cmake/arduinobot_descriptionConfig.cmake
[0.331s] -- Up-to-date: /home/alexander/Documents/arduinobot_ws/install/arduinobot_description/share/arduinobot_description/cmake/arduinobot_descriptionConfig-version.cmake
[0.331s] -- Up-to-date: /home/alexander/Documents/arduinobot_ws/install/arduinobot_description/share/arduinobot_description/package.xml
[0.335s] Invoked command in '/home/alexander/Documents/arduinobot_ws/build/arduinobot_description' returned '0': CMAKE_PREFIX_PATH=/opt/ros/humble CONDA_PROMPT_MODIFIER=(base) /usr/bin/cmake --install /home/alexander/Documents/arduinobot_ws/build/arduinobot_description
