[0.259s] DEBUG:colcon:Command line arguments: ['/usr/bin/colcon', 'build']
[0.259s] DEBUG:colcon:Parsed command line arguments: Namespace(log_base=None, log_level=None, verb_name='build', build_base='build', install_base='install', merge_install=False, symlink_install=False, test_result_base=None, continue_on_error=False, executor='parallel', parallel_workers=12, event_handlers=None, ignore_user_meta=False, metas=['./colcon.meta'], base_paths=['.'], packages_ignore=None, packages_ignore_regex=None, paths=None, packages_up_to=None, packages_up_to_regex=None, packages_above=None, packages_above_and_dependencies=None, packages_above_depth=None, packages_select_by_dep=None, packages_skip_by_dep=None, packages_skip_up_to=None, packages_select_build_failed=False, packages_skip_build_finished=False, packages_select_test_failures=False, packages_skip_test_passed=False, packages_select=None, packages_skip=None, packages_select_regex=None, packages_skip_regex=None, packages_start=None, packages_end=None, allow_overriding=[], cmake_args=None, cmake_target=None, cmake_target_skip_unavailable=False, cmake_clean_cache=False, cmake_clean_first=False, cmake_force_configure=False, ament_cmake_args=None, catkin_cmake_args=None, catkin_skip_building_tests=False, verb_parser=<colcon_defaults.argument_parser.defaults.DefaultArgumentsDecorator object at 0x7f3db29df370>, verb_extension=<colcon_core.verb.build.BuildVerb object at 0x7f3db31f3f40>, main=<bound method BuildVerb.main of <colcon_core.verb.build.BuildVerb object at 0x7f3db31f3f40>>)
[0.289s] Level 1:colcon.colcon_core.package_discovery:discover_packages(colcon_meta) check parameters
[0.289s] Level 1:colcon.colcon_core.package_discovery:discover_packages(recursive) check parameters
[0.289s] Level 1:colcon.colcon_core.package_discovery:discover_packages(ignore) check parameters
[0.289s] Level 1:colcon.colcon_core.package_discovery:discover_packages(path) check parameters
[0.289s] Level 1:colcon.colcon_core.package_discovery:discover_packages(colcon_meta) discover
[0.290s] Level 1:colcon.colcon_core.package_discovery:discover_packages(recursive) discover
[0.290s] INFO:colcon.colcon_core.package_discovery:Crawling recursively for packages in '/home/alexander/Documents/arduinobot_ws'
[0.290s] Level 1:colcon.colcon_core.package_identification:_identify(.) by extensions ['ignore', 'ignore_ament_install']
[0.290s] Level 1:colcon.colcon_core.package_identification:_identify(.) by extension 'ignore'
[0.290s] Level 1:colcon.colcon_core.package_identification:_identify(.) by extension 'ignore_ament_install'
[0.290s] Level 1:colcon.colcon_core.package_identification:_identify(.) by extensions ['colcon_pkg']
[0.290s] Level 1:colcon.colcon_core.package_identification:_identify(.) by extension 'colcon_pkg'
[0.290s] Level 1:colcon.colcon_core.package_identification:_identify(.) by extensions ['colcon_meta']
[0.290s] Level 1:colcon.colcon_core.package_identification:_identify(.) by extension 'colcon_meta'
[0.290s] Level 1:colcon.colcon_core.package_identification:_identify(.) by extensions ['ros']
[0.290s] Level 1:colcon.colcon_core.package_identification:_identify(.) by extension 'ros'
[0.300s] Level 1:colcon.colcon_core.package_identification:_identify(.) by extensions ['cmake', 'python']
[0.300s] Level 1:colcon.colcon_core.package_identification:_identify(.) by extension 'cmake'
[0.300s] Level 1:colcon.colcon_core.package_identification:_identify(.) by extension 'python'
[0.300s] Level 1:colcon.colcon_core.package_identification:_identify(.) by extensions ['python_setup_py']
[0.300s] Level 1:colcon.colcon_core.package_identification:_identify(.) by extension 'python_setup_py'
[0.301s] Level 1:colcon.colcon_core.package_identification:_identify(build) by extensions ['ignore', 'ignore_ament_install']
[0.301s] Level 1:colcon.colcon_core.package_identification:_identify(build) by extension 'ignore'
[0.301s] Level 1:colcon.colcon_core.package_identification:_identify(build) ignored
[0.301s] Level 1:colcon.colcon_core.package_identification:_identify(install) by extensions ['ignore', 'ignore_ament_install']
[0.301s] Level 1:colcon.colcon_core.package_identification:_identify(install) by extension 'ignore'
[0.301s] Level 1:colcon.colcon_core.package_identification:_identify(install) ignored
[0.301s] Level 1:colcon.colcon_core.package_identification:_identify(log) by extensions ['ignore', 'ignore_ament_install']
[0.301s] Level 1:colcon.colcon_core.package_identification:_identify(log) by extension 'ignore'
[0.301s] Level 1:colcon.colcon_core.package_identification:_identify(log) ignored
[0.301s] Level 1:colcon.colcon_core.package_identification:_identify(src) by extensions ['ignore', 'ignore_ament_install']
[0.301s] Level 1:colcon.colcon_core.package_identification:_identify(src) by extension 'ignore'
[0.301s] Level 1:colcon.colcon_core.package_identification:_identify(src) by extension 'ignore_ament_install'
[0.301s] Level 1:colcon.colcon_core.package_identification:_identify(src) by extensions ['colcon_pkg']
[0.301s] Level 1:colcon.colcon_core.package_identification:_identify(src) by extension 'colcon_pkg'
[0.301s] Level 1:colcon.colcon_core.package_identification:_identify(src) by extensions ['colcon_meta']
[0.301s] Level 1:colcon.colcon_core.package_identification:_identify(src) by extension 'colcon_meta'
[0.301s] Level 1:colcon.colcon_core.package_identification:_identify(src) by extensions ['ros']
[0.301s] Level 1:colcon.colcon_core.package_identification:_identify(src) by extension 'ros'
[0.302s] Level 1:colcon.colcon_core.package_identification:_identify(src) by extensions ['cmake', 'python']
[0.302s] Level 1:colcon.colcon_core.package_identification:_identify(src) by extension 'cmake'
[0.302s] Level 1:colcon.colcon_core.package_identification:_identify(src) by extension 'python'
[0.302s] Level 1:colcon.colcon_core.package_identification:_identify(src) by extensions ['python_setup_py']
[0.302s] Level 1:colcon.colcon_core.package_identification:_identify(src) by extension 'python_setup_py'
[0.302s] Level 1:colcon.colcon_core.package_identification:_identify(src/arduinobot_cpp_example) by extensions ['ignore', 'ignore_ament_install']
[0.302s] Level 1:colcon.colcon_core.package_identification:_identify(src/arduinobot_cpp_example) by extension 'ignore'
[0.302s] Level 1:colcon.colcon_core.package_identification:_identify(src/arduinobot_cpp_example) by extension 'ignore_ament_install'
[0.302s] Level 1:colcon.colcon_core.package_identification:_identify(src/arduinobot_cpp_example) by extensions ['colcon_pkg']
[0.302s] Level 1:colcon.colcon_core.package_identification:_identify(src/arduinobot_cpp_example) by extension 'colcon_pkg'
[0.302s] Level 1:colcon.colcon_core.package_identification:_identify(src/arduinobot_cpp_example) by extensions ['colcon_meta']
[0.302s] Level 1:colcon.colcon_core.package_identification:_identify(src/arduinobot_cpp_example) by extension 'colcon_meta'
[0.302s] Level 1:colcon.colcon_core.package_identification:_identify(src/arduinobot_cpp_example) by extensions ['ros']
[0.302s] Level 1:colcon.colcon_core.package_identification:_identify(src/arduinobot_cpp_example) by extension 'ros'
[0.304s] DEBUG:colcon.colcon_core.package_identification:Package 'src/arduinobot_cpp_example' with type 'ros.ament_cmake' and name 'arduinobot_cpp_example'
[0.304s] Level 1:colcon.colcon_core.package_identification:_identify(src/arduinobot_description) by extensions ['ignore', 'ignore_ament_install']
[0.304s] Level 1:colcon.colcon_core.package_identification:_identify(src/arduinobot_description) by extension 'ignore'
[0.304s] Level 1:colcon.colcon_core.package_identification:_identify(src/arduinobot_description) by extension 'ignore_ament_install'
[0.304s] Level 1:colcon.colcon_core.package_identification:_identify(src/arduinobot_description) by extensions ['colcon_pkg']
[0.304s] Level 1:colcon.colcon_core.package_identification:_identify(src/arduinobot_description) by extension 'colcon_pkg'
[0.304s] Level 1:colcon.colcon_core.package_identification:_identify(src/arduinobot_description) by extensions ['colcon_meta']
[0.304s] Level 1:colcon.colcon_core.package_identification:_identify(src/arduinobot_description) by extension 'colcon_meta'
[0.305s] Level 1:colcon.colcon_core.package_identification:_identify(src/arduinobot_description) by extensions ['ros']
[0.305s] Level 1:colcon.colcon_core.package_identification:_identify(src/arduinobot_description) by extension 'ros'
[0.305s] DEBUG:colcon.colcon_core.package_identification:Package 'src/arduinobot_description' with type 'ros.ament_cmake' and name 'arduinobot_description'
[0.305s] Level 1:colcon.colcon_core.package_identification:_identify(src/arduinobot_py_example) by extensions ['ignore', 'ignore_ament_install']
[0.305s] Level 1:colcon.colcon_core.package_identification:_identify(src/arduinobot_py_example) by extension 'ignore'
[0.305s] Level 1:colcon.colcon_core.package_identification:_identify(src/arduinobot_py_example) by extension 'ignore_ament_install'
[0.305s] Level 1:colcon.colcon_core.package_identification:_identify(src/arduinobot_py_example) by extensions ['colcon_pkg']
[0.305s] Level 1:colcon.colcon_core.package_identification:_identify(src/arduinobot_py_example) by extension 'colcon_pkg'
[0.305s] Level 1:colcon.colcon_core.package_identification:_identify(src/arduinobot_py_example) by extensions ['colcon_meta']
[0.305s] Level 1:colcon.colcon_core.package_identification:_identify(src/arduinobot_py_example) by extension 'colcon_meta'
[0.305s] Level 1:colcon.colcon_core.package_identification:_identify(src/arduinobot_py_example) by extensions ['ros']
[0.305s] Level 1:colcon.colcon_core.package_identification:_identify(src/arduinobot_py_example) by extension 'ros'
[0.306s] DEBUG:colcon.colcon_core.package_identification:Package 'src/arduinobot_py_example' with type 'ros.ament_python' and name 'arduinobot_py_example'
[0.306s] Level 1:colcon.colcon_core.package_discovery:discover_packages(recursive) using defaults
[0.306s] Level 1:colcon.colcon_core.package_discovery:discover_packages(ignore) discover
[0.306s] Level 1:colcon.colcon_core.package_discovery:discover_packages(ignore) using defaults
[0.306s] Level 1:colcon.colcon_core.package_discovery:discover_packages(path) discover
[0.306s] Level 1:colcon.colcon_core.package_discovery:discover_packages(path) using defaults
[0.325s] Level 1:colcon.colcon_core.package_discovery:discover_packages(prefix_path) check parameters
[0.326s] Level 1:colcon.colcon_core.package_discovery:discover_packages(prefix_path) discover
[0.328s] DEBUG:colcon.colcon_installed_package_information.package_discovery:Found 5 installed packages in /home/alexander/Documents/arduinobot_ws/install
[0.330s] DEBUG:colcon.colcon_installed_package_information.package_discovery:Found 353 installed packages in /opt/ros/humble
[0.331s] Level 1:colcon.colcon_core.package_discovery:discover_packages(prefix_path) using defaults
[0.386s] Level 5:colcon.colcon_core.verb:set package 'arduinobot_cpp_example' build argument 'cmake_args' from command line to 'None'
[0.387s] Level 5:colcon.colcon_core.verb:set package 'arduinobot_cpp_example' build argument 'cmake_target' from command line to 'None'
[0.387s] Level 5:colcon.colcon_core.verb:set package 'arduinobot_cpp_example' build argument 'cmake_target_skip_unavailable' from command line to 'False'
[0.387s] Level 5:colcon.colcon_core.verb:set package 'arduinobot_cpp_example' build argument 'cmake_clean_cache' from command line to 'False'
[0.387s] Level 5:colcon.colcon_core.verb:set package 'arduinobot_cpp_example' build argument 'cmake_clean_first' from command line to 'False'
[0.387s] Level 5:colcon.colcon_core.verb:set package 'arduinobot_cpp_example' build argument 'cmake_force_configure' from command line to 'False'
[0.387s] Level 5:colcon.colcon_core.verb:set package 'arduinobot_cpp_example' build argument 'ament_cmake_args' from command line to 'None'
[0.387s] Level 5:colcon.colcon_core.verb:set package 'arduinobot_cpp_example' build argument 'catkin_cmake_args' from command line to 'None'
[0.387s] Level 5:colcon.colcon_core.verb:set package 'arduinobot_cpp_example' build argument 'catkin_skip_building_tests' from command line to 'False'
[0.387s] DEBUG:colcon.colcon_core.verb:Building package 'arduinobot_cpp_example' with the following arguments: {'ament_cmake_args': None, 'build_base': '/home/alexander/Documents/arduinobot_ws/build/arduinobot_cpp_example', 'catkin_cmake_args': None, 'catkin_skip_building_tests': False, 'cmake_args': None, 'cmake_clean_cache': False, 'cmake_clean_first': False, 'cmake_force_configure': False, 'cmake_target': None, 'cmake_target_skip_unavailable': False, 'install_base': '/home/alexander/Documents/arduinobot_ws/install/arduinobot_cpp_example', 'merge_install': False, 'path': '/home/alexander/Documents/arduinobot_ws/src/arduinobot_cpp_example', 'symlink_install': False, 'test_result_base': None}
[0.388s] Level 5:colcon.colcon_core.verb:set package 'arduinobot_description' build argument 'cmake_args' from command line to 'None'
[0.388s] Level 5:colcon.colcon_core.verb:set package 'arduinobot_description' build argument 'cmake_target' from command line to 'None'
[0.388s] Level 5:colcon.colcon_core.verb:set package 'arduinobot_description' build argument 'cmake_target_skip_unavailable' from command line to 'False'
[0.388s] Level 5:colcon.colcon_core.verb:set package 'arduinobot_description' build argument 'cmake_clean_cache' from command line to 'False'
[0.388s] Level 5:colcon.colcon_core.verb:set package 'arduinobot_description' build argument 'cmake_clean_first' from command line to 'False'
[0.388s] Level 5:colcon.colcon_core.verb:set package 'arduinobot_description' build argument 'cmake_force_configure' from command line to 'False'
[0.388s] Level 5:colcon.colcon_core.verb:set package 'arduinobot_description' build argument 'ament_cmake_args' from command line to 'None'
[0.388s] Level 5:colcon.colcon_core.verb:set package 'arduinobot_description' build argument 'catkin_cmake_args' from command line to 'None'
[0.388s] Level 5:colcon.colcon_core.verb:set package 'arduinobot_description' build argument 'catkin_skip_building_tests' from command line to 'False'
[0.388s] DEBUG:colcon.colcon_core.verb:Building package 'arduinobot_description' with the following arguments: {'ament_cmake_args': None, 'build_base': '/home/alexander/Documents/arduinobot_ws/build/arduinobot_description', 'catkin_cmake_args': None, 'catkin_skip_building_tests': False, 'cmake_args': None, 'cmake_clean_cache': False, 'cmake_clean_first': False, 'cmake_force_configure': False, 'cmake_target': None, 'cmake_target_skip_unavailable': False, 'install_base': '/home/alexander/Documents/arduinobot_ws/install/arduinobot_description', 'merge_install': False, 'path': '/home/alexander/Documents/arduinobot_ws/src/arduinobot_description', 'symlink_install': False, 'test_result_base': None}
[0.389s] Level 5:colcon.colcon_core.verb:set package 'arduinobot_py_example' build argument 'cmake_args' from command line to 'None'
[0.389s] Level 5:colcon.colcon_core.verb:set package 'arduinobot_py_example' build argument 'cmake_target' from command line to 'None'
[0.389s] Level 5:colcon.colcon_core.verb:set package 'arduinobot_py_example' build argument 'cmake_target_skip_unavailable' from command line to 'False'
[0.389s] Level 5:colcon.colcon_core.verb:set package 'arduinobot_py_example' build argument 'cmake_clean_cache' from command line to 'False'
[0.389s] Level 5:colcon.colcon_core.verb:set package 'arduinobot_py_example' build argument 'cmake_clean_first' from command line to 'False'
[0.389s] Level 5:colcon.colcon_core.verb:set package 'arduinobot_py_example' build argument 'cmake_force_configure' from command line to 'False'
[0.389s] Level 5:colcon.colcon_core.verb:set package 'arduinobot_py_example' build argument 'ament_cmake_args' from command line to 'None'
[0.389s] Level 5:colcon.colcon_core.verb:set package 'arduinobot_py_example' build argument 'catkin_cmake_args' from command line to 'None'
[0.389s] Level 5:colcon.colcon_core.verb:set package 'arduinobot_py_example' build argument 'catkin_skip_building_tests' from command line to 'False'
[0.389s] DEBUG:colcon.colcon_core.verb:Building package 'arduinobot_py_example' with the following arguments: {'ament_cmake_args': None, 'build_base': '/home/alexander/Documents/arduinobot_ws/build/arduinobot_py_example', 'catkin_cmake_args': None, 'catkin_skip_building_tests': False, 'cmake_args': None, 'cmake_clean_cache': False, 'cmake_clean_first': False, 'cmake_force_configure': False, 'cmake_target': None, 'cmake_target_skip_unavailable': False, 'install_base': '/home/alexander/Documents/arduinobot_ws/install/arduinobot_py_example', 'merge_install': False, 'path': '/home/alexander/Documents/arduinobot_ws/src/arduinobot_py_example', 'symlink_install': False, 'test_result_base': None}
[0.390s] INFO:colcon.colcon_core.executor:Executing jobs using 'parallel' executor
[0.392s] DEBUG:colcon.colcon_parallel_executor.executor.parallel:run_until_complete
[0.392s] INFO:colcon.colcon_ros.task.ament_cmake.build:Building ROS package in '/home/alexander/Documents/arduinobot_ws/src/arduinobot_cpp_example' with build type 'ament_cmake'
[0.393s] INFO:colcon.colcon_cmake.task.cmake.build:Building CMake package in '/home/alexander/Documents/arduinobot_ws/src/arduinobot_cpp_example'
[0.396s] INFO:colcon.colcon_core.plugin_system:Skipping extension 'colcon_core.shell.bat': Not used on non-Windows systems
[0.396s] INFO:colcon.colcon_core.shell:Skip shell extension 'powershell' for command environment: Not usable outside of PowerShell
[0.396s] DEBUG:colcon.colcon_core.shell:Skip shell extension 'dsv' for command environment
[0.401s] INFO:colcon.colcon_ros.task.ament_cmake.build:Building ROS package in '/home/alexander/Documents/arduinobot_ws/src/arduinobot_description' with build type 'ament_cmake'
[0.401s] INFO:colcon.colcon_cmake.task.cmake.build:Building CMake package in '/home/alexander/Documents/arduinobot_ws/src/arduinobot_description'
[0.402s] INFO:colcon.colcon_core.shell:Skip shell extension 'powershell' for command environment: Not usable outside of PowerShell
[0.402s] DEBUG:colcon.colcon_core.shell:Skip shell extension 'dsv' for command environment
[0.406s] INFO:colcon.colcon_ros.task.ament_python.build:Building ROS package in '/home/alexander/Documents/arduinobot_ws/src/arduinobot_py_example' with build type 'ament_python'
[0.406s] Level 1:colcon.colcon_core.shell:create_environment_hook('arduinobot_py_example', 'ament_prefix_path')
[0.407s] INFO:colcon.colcon_core.shell:Creating environment hook '/home/alexander/Documents/arduinobot_ws/install/arduinobot_py_example/share/arduinobot_py_example/hook/ament_prefix_path.ps1'
[0.408s] INFO:colcon.colcon_core.shell:Creating environment descriptor '/home/alexander/Documents/arduinobot_ws/install/arduinobot_py_example/share/arduinobot_py_example/hook/ament_prefix_path.dsv'
[0.408s] INFO:colcon.colcon_core.shell:Creating environment hook '/home/alexander/Documents/arduinobot_ws/install/arduinobot_py_example/share/arduinobot_py_example/hook/ament_prefix_path.sh'
[0.410s] INFO:colcon.colcon_core.shell:Skip shell extension 'powershell' for command environment: Not usable outside of PowerShell
[0.410s] DEBUG:colcon.colcon_core.shell:Skip shell extension 'dsv' for command environment
[0.419s] DEBUG:colcon.colcon_core.event_handler.log_command:Invoking command in '/home/alexander/Documents/arduinobot_ws/build/arduinobot_cpp_example': CMAKE_PREFIX_PATH=${CMAKE_PREFIX_PATH}:/home/alexander/Documents/arduinobot_ws/install/arduinobot_py_example:/home/alexander/Documents/arduinobot_ws/install/arduinobot_py:/opt/ros/humble CONDA_PROMPT_MODIFIER=(base) /usr/bin/cmake --build /home/alexander/Documents/arduinobot_ws/build/arduinobot_cpp_example -- -j12 -l12
[0.421s] DEBUG:colcon.colcon_core.event_handler.log_command:Invoking command in '/home/alexander/Documents/arduinobot_ws/build/arduinobot_description': CMAKE_PREFIX_PATH=${CMAKE_PREFIX_PATH}:/home/alexander/Documents/arduinobot_ws/install/arduinobot_py_example:/home/alexander/Documents/arduinobot_ws/install/arduinobot_py:/opt/ros/humble CONDA_PROMPT_MODIFIER=(base) /usr/bin/cmake --build /home/alexander/Documents/arduinobot_ws/build/arduinobot_description -- -j12 -l12
[0.649s] INFO:colcon.colcon_core.task.python.build:Building Python package in '/home/alexander/Documents/arduinobot_ws/src/arduinobot_py_example'
[0.650s] INFO:colcon.colcon_core.shell:Skip shell extension 'powershell' for command environment: Not usable outside of PowerShell
[0.650s] DEBUG:colcon.colcon_core.shell:Skip shell extension 'dsv' for command environment
[0.657s] DEBUG:colcon.colcon_core.event_handler.log_command:Invoked command in '/home/alexander/Documents/arduinobot_ws/build/arduinobot_cpp_example' returned '0': CMAKE_PREFIX_PATH=${CMAKE_PREFIX_PATH}:/home/alexander/Documents/arduinobot_ws/install/arduinobot_py_example:/home/alexander/Documents/arduinobot_ws/install/arduinobot_py:/opt/ros/humble CONDA_PROMPT_MODIFIER=(base) /usr/bin/cmake --build /home/alexander/Documents/arduinobot_ws/build/arduinobot_cpp_example -- -j12 -l12
[0.666s] DEBUG:colcon.colcon_core.event_handler.log_command:Invoked command in '/home/alexander/Documents/arduinobot_ws/build/arduinobot_description' returned '0': CMAKE_PREFIX_PATH=${CMAKE_PREFIX_PATH}:/home/alexander/Documents/arduinobot_ws/install/arduinobot_py_example:/home/alexander/Documents/arduinobot_ws/install/arduinobot_py:/opt/ros/humble CONDA_PROMPT_MODIFIER=(base) /usr/bin/cmake --build /home/alexander/Documents/arduinobot_ws/build/arduinobot_description -- -j12 -l12
[0.688s] DEBUG:colcon.colcon_core.event_handler.log_command:Invoking command in '/home/alexander/Documents/arduinobot_ws/build/arduinobot_cpp_example': CMAKE_PREFIX_PATH=${CMAKE_PREFIX_PATH}:/home/alexander/Documents/arduinobot_ws/install/arduinobot_py_example:/home/alexander/Documents/arduinobot_ws/install/arduinobot_py:/opt/ros/humble CONDA_PROMPT_MODIFIER=(base) /usr/bin/cmake --install /home/alexander/Documents/arduinobot_ws/build/arduinobot_cpp_example
[0.691s] DEBUG:colcon.colcon_core.event_handler.log_command:Invoking command in '/home/alexander/Documents/arduinobot_ws/build/arduinobot_description': CMAKE_PREFIX_PATH=${CMAKE_PREFIX_PATH}:/home/alexander/Documents/arduinobot_ws/install/arduinobot_py_example:/home/alexander/Documents/arduinobot_ws/install/arduinobot_py:/opt/ros/humble CONDA_PROMPT_MODIFIER=(base) /usr/bin/cmake --install /home/alexander/Documents/arduinobot_ws/build/arduinobot_description
[0.698s] Level 1:colcon.colcon_core.environment:create_environment_scripts_only(arduinobot_cpp_example)
[0.704s] Level 1:colcon.colcon_core.environment:checking '/home/alexander/Documents/arduinobot_ws/install/arduinobot_cpp_example' for CMake module files
[0.704s] Level 1:colcon.colcon_core.environment:checking '/home/alexander/Documents/arduinobot_ws/install/arduinobot_cpp_example' for CMake config files
[0.705s] Level 1:colcon.colcon_core.shell:create_environment_hook('arduinobot_cpp_example', 'cmake_prefix_path')
[0.706s] INFO:colcon.colcon_core.shell:Creating environment hook '/home/alexander/Documents/arduinobot_ws/install/arduinobot_cpp_example/share/arduinobot_cpp_example/hook/cmake_prefix_path.ps1'
[0.707s] INFO:colcon.colcon_core.shell:Creating environment descriptor '/home/alexander/Documents/arduinobot_ws/install/arduinobot_cpp_example/share/arduinobot_cpp_example/hook/cmake_prefix_path.dsv'
[0.707s] INFO:colcon.colcon_core.shell:Creating environment hook '/home/alexander/Documents/arduinobot_ws/install/arduinobot_cpp_example/share/arduinobot_cpp_example/hook/cmake_prefix_path.sh'
[0.708s] Level 1:colcon.colcon_core.environment:checking '/home/alexander/Documents/arduinobot_ws/install/arduinobot_cpp_example/lib'
[0.708s] Level 1:colcon.colcon_core.environment:checking '/home/alexander/Documents/arduinobot_ws/install/arduinobot_cpp_example/bin'
[0.708s] Level 1:colcon.colcon_core.environment:checking '/home/alexander/Documents/arduinobot_ws/install/arduinobot_cpp_example/lib/pkgconfig/arduinobot_cpp_example.pc'
[0.708s] Level 1:colcon.colcon_core.environment:checking '/home/alexander/Documents/arduinobot_ws/install/arduinobot_cpp_example/lib/python3.10/site-packages'
[0.708s] Level 1:colcon.colcon_core.environment:checking '/home/alexander/Documents/arduinobot_ws/install/arduinobot_cpp_example/bin'
[0.710s] INFO:colcon.colcon_core.shell:Creating package script '/home/alexander/Documents/arduinobot_ws/install/arduinobot_cpp_example/share/arduinobot_cpp_example/package.ps1'
[0.711s] INFO:colcon.colcon_core.shell:Creating package descriptor '/home/alexander/Documents/arduinobot_ws/install/arduinobot_cpp_example/share/arduinobot_cpp_example/package.dsv'
[0.711s] DEBUG:colcon.colcon_core.event_handler.log_command:Invoked command in '/home/alexander/Documents/arduinobot_ws/build/arduinobot_cpp_example' returned '0': CMAKE_PREFIX_PATH=${CMAKE_PREFIX_PATH}:/home/alexander/Documents/arduinobot_ws/install/arduinobot_py_example:/home/alexander/Documents/arduinobot_ws/install/arduinobot_py:/opt/ros/humble CONDA_PROMPT_MODIFIER=(base) /usr/bin/cmake --install /home/alexander/Documents/arduinobot_ws/build/arduinobot_cpp_example
[0.712s] INFO:colcon.colcon_core.shell:Creating package script '/home/alexander/Documents/arduinobot_ws/install/arduinobot_cpp_example/share/arduinobot_cpp_example/package.sh'
[0.712s] INFO:colcon.colcon_core.shell:Creating package script '/home/alexander/Documents/arduinobot_ws/install/arduinobot_cpp_example/share/arduinobot_cpp_example/package.bash'
[0.713s] INFO:colcon.colcon_core.shell:Creating package script '/home/alexander/Documents/arduinobot_ws/install/arduinobot_cpp_example/share/arduinobot_cpp_example/package.zsh'
[0.713s] Level 1:colcon.colcon_core.environment:create_file_with_runtime_dependencies(/home/alexander/Documents/arduinobot_ws/install/arduinobot_cpp_example/share/colcon-core/packages/arduinobot_cpp_example)
[0.715s] Level 1:colcon.colcon_core.environment:create_environment_scripts_only(arduinobot_description)
[0.717s] Level 1:colcon.colcon_core.environment:checking '/home/alexander/Documents/arduinobot_ws/install/arduinobot_description' for CMake module files
[0.717s] DEBUG:colcon.colcon_core.event_handler.log_command:Invoked command in '/home/alexander/Documents/arduinobot_ws/build/arduinobot_description' returned '0': CMAKE_PREFIX_PATH=${CMAKE_PREFIX_PATH}:/home/alexander/Documents/arduinobot_ws/install/arduinobot_py_example:/home/alexander/Documents/arduinobot_ws/install/arduinobot_py:/opt/ros/humble CONDA_PROMPT_MODIFIER=(base) /usr/bin/cmake --install /home/alexander/Documents/arduinobot_ws/build/arduinobot_description
[0.718s] Level 1:colcon.colcon_core.environment:checking '/home/alexander/Documents/arduinobot_ws/install/arduinobot_description' for CMake config files
[0.718s] Level 1:colcon.colcon_core.shell:create_environment_hook('arduinobot_description', 'cmake_prefix_path')
[0.719s] INFO:colcon.colcon_core.shell:Creating environment hook '/home/alexander/Documents/arduinobot_ws/install/arduinobot_description/share/arduinobot_description/hook/cmake_prefix_path.ps1'
[0.719s] INFO:colcon.colcon_core.shell:Creating environment descriptor '/home/alexander/Documents/arduinobot_ws/install/arduinobot_description/share/arduinobot_description/hook/cmake_prefix_path.dsv'
[0.720s] INFO:colcon.colcon_core.shell:Creating environment hook '/home/alexander/Documents/arduinobot_ws/install/arduinobot_description/share/arduinobot_description/hook/cmake_prefix_path.sh'
[0.720s] Level 1:colcon.colcon_core.environment:checking '/home/alexander/Documents/arduinobot_ws/install/arduinobot_description/bin'
[0.720s] Level 1:colcon.colcon_core.environment:checking '/home/alexander/Documents/arduinobot_ws/install/arduinobot_description/lib/pkgconfig/arduinobot_description.pc'
[0.720s] Level 1:colcon.colcon_core.environment:checking '/home/alexander/Documents/arduinobot_ws/install/arduinobot_description/lib/python3.10/site-packages'
[0.720s] Level 1:colcon.colcon_core.environment:checking '/home/alexander/Documents/arduinobot_ws/install/arduinobot_description/bin'
[0.722s] INFO:colcon.colcon_core.shell:Creating package script '/home/alexander/Documents/arduinobot_ws/install/arduinobot_description/share/arduinobot_description/package.ps1'
[0.722s] INFO:colcon.colcon_core.shell:Creating package descriptor '/home/alexander/Documents/arduinobot_ws/install/arduinobot_description/share/arduinobot_description/package.dsv'
[0.722s] INFO:colcon.colcon_core.shell:Creating package script '/home/alexander/Documents/arduinobot_ws/install/arduinobot_description/share/arduinobot_description/package.sh'
[0.723s] INFO:colcon.colcon_core.shell:Creating package script '/home/alexander/Documents/arduinobot_ws/install/arduinobot_description/share/arduinobot_description/package.bash'
[0.723s] INFO:colcon.colcon_core.shell:Creating package script '/home/alexander/Documents/arduinobot_ws/install/arduinobot_description/share/arduinobot_description/package.zsh'
[0.723s] Level 1:colcon.colcon_core.environment:create_file_with_runtime_dependencies(/home/alexander/Documents/arduinobot_ws/install/arduinobot_description/share/colcon-core/packages/arduinobot_description)
[0.738s] Level 1:colcon.colcon_core.environment:create_environment_scripts_only(arduinobot_cpp_example)
[0.740s] Level 1:colcon.colcon_core.environment:checking '/home/alexander/Documents/arduinobot_ws/install/arduinobot_cpp_example' for CMake module files
[0.741s] Level 1:colcon.colcon_core.environment:checking '/home/alexander/Documents/arduinobot_ws/install/arduinobot_cpp_example' for CMake config files
[0.741s] Level 1:colcon.colcon_core.shell:create_environment_hook('arduinobot_cpp_example', 'cmake_prefix_path')
[0.743s] INFO:colcon.colcon_core.shell:Creating environment hook '/home/alexander/Documents/arduinobot_ws/install/arduinobot_cpp_example/share/arduinobot_cpp_example/hook/cmake_prefix_path.ps1'
[0.743s] INFO:colcon.colcon_core.shell:Creating environment descriptor '/home/alexander/Documents/arduinobot_ws/install/arduinobot_cpp_example/share/arduinobot_cpp_example/hook/cmake_prefix_path.dsv'
[0.744s] INFO:colcon.colcon_core.shell:Creating environment hook '/home/alexander/Documents/arduinobot_ws/install/arduinobot_cpp_example/share/arduinobot_cpp_example/hook/cmake_prefix_path.sh'
[0.745s] Level 1:colcon.colcon_core.environment:checking '/home/alexander/Documents/arduinobot_ws/install/arduinobot_cpp_example/lib'
[0.745s] Level 1:colcon.colcon_core.environment:checking '/home/alexander/Documents/arduinobot_ws/install/arduinobot_cpp_example/bin'
[0.745s] Level 1:colcon.colcon_core.environment:checking '/home/alexander/Documents/arduinobot_ws/install/arduinobot_cpp_example/lib/pkgconfig/arduinobot_cpp_example.pc'
[0.745s] Level 1:colcon.colcon_core.environment:checking '/home/alexander/Documents/arduinobot_ws/install/arduinobot_cpp_example/lib/python3.10/site-packages'
[0.745s] Level 1:colcon.colcon_core.environment:checking '/home/alexander/Documents/arduinobot_ws/install/arduinobot_cpp_example/bin'
[0.747s] INFO:colcon.colcon_core.shell:Creating package script '/home/alexander/Documents/arduinobot_ws/install/arduinobot_cpp_example/share/arduinobot_cpp_example/package.ps1'
[0.748s] INFO:colcon.colcon_core.shell:Creating package descriptor '/home/alexander/Documents/arduinobot_ws/install/arduinobot_cpp_example/share/arduinobot_cpp_example/package.dsv'
[0.748s] INFO:colcon.colcon_core.shell:Creating package script '/home/alexander/Documents/arduinobot_ws/install/arduinobot_cpp_example/share/arduinobot_cpp_example/package.sh'
[0.749s] INFO:colcon.colcon_core.shell:Creating package script '/home/alexander/Documents/arduinobot_ws/install/arduinobot_cpp_example/share/arduinobot_cpp_example/package.bash'
[0.749s] INFO:colcon.colcon_core.shell:Creating package script '/home/alexander/Documents/arduinobot_ws/install/arduinobot_cpp_example/share/arduinobot_cpp_example/package.zsh'
[0.750s] Level 1:colcon.colcon_core.environment:create_file_with_runtime_dependencies(/home/alexander/Documents/arduinobot_ws/install/arduinobot_cpp_example/share/colcon-core/packages/arduinobot_cpp_example)
[0.752s] Level 1:colcon.colcon_core.environment:create_environment_scripts_only(arduinobot_description)
[0.755s] Level 1:colcon.colcon_core.environment:checking '/home/alexander/Documents/arduinobot_ws/install/arduinobot_description' for CMake module files
[0.756s] Level 1:colcon.colcon_core.environment:checking '/home/alexander/Documents/arduinobot_ws/install/arduinobot_description' for CMake config files
[0.756s] Level 1:colcon.colcon_core.shell:create_environment_hook('arduinobot_description', 'cmake_prefix_path')
[0.757s] INFO:colcon.colcon_core.shell:Creating environment hook '/home/alexander/Documents/arduinobot_ws/install/arduinobot_description/share/arduinobot_description/hook/cmake_prefix_path.ps1'
[0.757s] INFO:colcon.colcon_core.shell:Creating environment descriptor '/home/alexander/Documents/arduinobot_ws/install/arduinobot_description/share/arduinobot_description/hook/cmake_prefix_path.dsv'
[0.758s] INFO:colcon.colcon_core.shell:Creating environment hook '/home/alexander/Documents/arduinobot_ws/install/arduinobot_description/share/arduinobot_description/hook/cmake_prefix_path.sh'
[0.758s] Level 1:colcon.colcon_core.environment:checking '/home/alexander/Documents/arduinobot_ws/install/arduinobot_description/bin'
[0.758s] Level 1:colcon.colcon_core.environment:checking '/home/alexander/Documents/arduinobot_ws/install/arduinobot_description/lib/pkgconfig/arduinobot_description.pc'
[0.759s] Level 1:colcon.colcon_core.environment:checking '/home/alexander/Documents/arduinobot_ws/install/arduinobot_description/lib/python3.10/site-packages'
[0.759s] Level 1:colcon.colcon_core.environment:checking '/home/alexander/Documents/arduinobot_ws/install/arduinobot_description/bin'
[0.760s] INFO:colcon.colcon_core.shell:Creating package script '/home/alexander/Documents/arduinobot_ws/install/arduinobot_description/share/arduinobot_description/package.ps1'
[0.760s] INFO:colcon.colcon_core.shell:Creating package descriptor '/home/alexander/Documents/arduinobot_ws/install/arduinobot_description/share/arduinobot_description/package.dsv'
[0.761s] INFO:colcon.colcon_core.shell:Creating package script '/home/alexander/Documents/arduinobot_ws/install/arduinobot_description/share/arduinobot_description/package.sh'
[0.761s] INFO:colcon.colcon_core.shell:Creating package script '/home/alexander/Documents/arduinobot_ws/install/arduinobot_description/share/arduinobot_description/package.bash'
[0.762s] INFO:colcon.colcon_core.shell:Creating package script '/home/alexander/Documents/arduinobot_ws/install/arduinobot_description/share/arduinobot_description/package.zsh'
[0.762s] Level 1:colcon.colcon_core.environment:create_file_with_runtime_dependencies(/home/alexander/Documents/arduinobot_ws/install/arduinobot_description/share/colcon-core/packages/arduinobot_description)
[0.973s] DEBUG:colcon.colcon_core.event_handler.log_command:Invoking command in '/home/alexander/Documents/arduinobot_ws/src/arduinobot_py_example': CONDA_PROMPT_MODIFIER=(base) PYTHONPATH=/home/alexander/Documents/arduinobot_ws/build/arduinobot_py_example/prefix_override:/home/alexander/Documents/arduinobot_ws/install/arduinobot_py_example/lib/python3.10/site-packages:${PYTHONPATH} /usr/bin/python3 setup.py egg_info --egg-base ../../build/arduinobot_py_example build --build-base /home/alexander/Documents/arduinobot_ws/build/arduinobot_py_example/build install --record /home/alexander/Documents/arduinobot_ws/build/arduinobot_py_example/install.log --single-version-externally-managed
[1.217s] Level 1:colcon.colcon_core.environment:checking '/home/alexander/Documents/arduinobot_ws/install/arduinobot_py_example' for CMake module files
[1.218s] DEBUG:colcon.colcon_core.event_handler.log_command:Invoked command in '/home/alexander/Documents/arduinobot_ws/src/arduinobot_py_example' returned '0': CONDA_PROMPT_MODIFIER=(base) PYTHONPATH=/home/alexander/Documents/arduinobot_ws/build/arduinobot_py_example/prefix_override:/home/alexander/Documents/arduinobot_ws/install/arduinobot_py_example/lib/python3.10/site-packages:${PYTHONPATH} /usr/bin/python3 setup.py egg_info --egg-base ../../build/arduinobot_py_example build --build-base /home/alexander/Documents/arduinobot_ws/build/arduinobot_py_example/build install --record /home/alexander/Documents/arduinobot_ws/build/arduinobot_py_example/install.log --single-version-externally-managed
[1.218s] Level 1:colcon.colcon_core.environment:checking '/home/alexander/Documents/arduinobot_ws/install/arduinobot_py_example' for CMake config files
[1.219s] Level 1:colcon.colcon_core.environment:checking '/home/alexander/Documents/arduinobot_ws/install/arduinobot_py_example/lib'
[1.219s] Level 1:colcon.colcon_core.environment:checking '/home/alexander/Documents/arduinobot_ws/install/arduinobot_py_example/bin'
[1.219s] Level 1:colcon.colcon_core.environment:checking '/home/alexander/Documents/arduinobot_ws/install/arduinobot_py_example/lib/pkgconfig/arduinobot_py_example.pc'
[1.219s] Level 1:colcon.colcon_core.environment:checking '/home/alexander/Documents/arduinobot_ws/install/arduinobot_py_example/lib/python3.10/site-packages'
[1.219s] Level 1:colcon.colcon_core.shell:create_environment_hook('arduinobot_py_example', 'pythonpath')
[1.220s] INFO:colcon.colcon_core.shell:Creating environment hook '/home/alexander/Documents/arduinobot_ws/install/arduinobot_py_example/share/arduinobot_py_example/hook/pythonpath.ps1'
[1.221s] INFO:colcon.colcon_core.shell:Creating environment descriptor '/home/alexander/Documents/arduinobot_ws/install/arduinobot_py_example/share/arduinobot_py_example/hook/pythonpath.dsv'
[1.221s] INFO:colcon.colcon_core.shell:Creating environment hook '/home/alexander/Documents/arduinobot_ws/install/arduinobot_py_example/share/arduinobot_py_example/hook/pythonpath.sh'
[1.221s] Level 1:colcon.colcon_core.environment:checking '/home/alexander/Documents/arduinobot_ws/install/arduinobot_py_example/bin'
[1.222s] Level 1:colcon.colcon_core.environment:create_environment_scripts_only(arduinobot_py_example)
[1.223s] INFO:colcon.colcon_core.shell:Creating package script '/home/alexander/Documents/arduinobot_ws/install/arduinobot_py_example/share/arduinobot_py_example/package.ps1'
[1.223s] INFO:colcon.colcon_core.shell:Creating package descriptor '/home/alexander/Documents/arduinobot_ws/install/arduinobot_py_example/share/arduinobot_py_example/package.dsv'
[1.224s] INFO:colcon.colcon_core.shell:Creating package script '/home/alexander/Documents/arduinobot_ws/install/arduinobot_py_example/share/arduinobot_py_example/package.sh'
[1.224s] INFO:colcon.colcon_core.shell:Creating package script '/home/alexander/Documents/arduinobot_ws/install/arduinobot_py_example/share/arduinobot_py_example/package.bash'
[1.225s] INFO:colcon.colcon_core.shell:Creating package script '/home/alexander/Documents/arduinobot_ws/install/arduinobot_py_example/share/arduinobot_py_example/package.zsh'
[1.225s] Level 1:colcon.colcon_core.environment:create_file_with_runtime_dependencies(/home/alexander/Documents/arduinobot_ws/install/arduinobot_py_example/share/colcon-core/packages/arduinobot_py_example)
[1.225s] DEBUG:colcon.colcon_parallel_executor.executor.parallel:closing loop
[1.225s] DEBUG:colcon.colcon_parallel_executor.executor.parallel:loop closed
[1.226s] DEBUG:colcon.colcon_parallel_executor.executor.parallel:run_until_complete finished with '0'
[1.226s] DEBUG:colcon.colcon_core.event_reactor:joining thread
[1.235s] INFO:colcon.colcon_core.plugin_system:Skipping extension 'colcon_notification.desktop_notification.terminal_notifier': Not used on non-Darwin systems
[1.235s] INFO:colcon.colcon_core.plugin_system:Skipping extension 'colcon_notification.desktop_notification.win32': Not used on non-Windows systems
[1.235s] INFO:colcon.colcon_notification.desktop_notification:Sending desktop notification using 'notify2'
[1.249s] DEBUG:colcon.colcon_core.event_reactor:joined thread
[1.250s] INFO:colcon.colcon_core.shell:Creating prefix script '/home/alexander/Documents/arduinobot_ws/install/local_setup.ps1'
[1.252s] INFO:colcon.colcon_core.shell:Creating prefix util module '/home/alexander/Documents/arduinobot_ws/install/_local_setup_util_ps1.py'
[1.253s] INFO:colcon.colcon_core.shell:Creating prefix chain script '/home/alexander/Documents/arduinobot_ws/install/setup.ps1'
[1.255s] INFO:colcon.colcon_core.shell:Creating prefix script '/home/alexander/Documents/arduinobot_ws/install/local_setup.sh'
[1.256s] INFO:colcon.colcon_core.shell:Creating prefix util module '/home/alexander/Documents/arduinobot_ws/install/_local_setup_util_sh.py'
[1.256s] INFO:colcon.colcon_core.shell:Creating prefix chain script '/home/alexander/Documents/arduinobot_ws/install/setup.sh'
[1.258s] INFO:colcon.colcon_core.shell:Creating prefix script '/home/alexander/Documents/arduinobot_ws/install/local_setup.bash'
[1.258s] INFO:colcon.colcon_core.shell:Creating prefix chain script '/home/alexander/Documents/arduinobot_ws/install/setup.bash'
[1.260s] INFO:colcon.colcon_core.shell:Creating prefix script '/home/alexander/Documents/arduinobot_ws/install/local_setup.zsh'
[1.261s] INFO:colcon.colcon_core.shell:Creating prefix chain script '/home/alexander/Documents/arduinobot_ws/install/setup.zsh'
