[0.023s] Invoking command in '/home/alexander/Documents/arduinobot_ws/src/build/arduinobot_cpp_example': CMAKE_PREFIX_PATH=${CMAKE_PREFIX_PATH}:/home/alexander/Documents/arduinobot_ws/install/arduinobot_py_example:/home/alexander/Documents/arduinobot_ws/install/arduinobot_py:/opt/ros/humble /usr/bin/cmake /home/alexander/Documents/arduinobot_ws/src/arduinobot_cpp_example -DCMAKE_INSTALL_PREFIX=/home/alexander/Documents/arduinobot_ws/src/install/arduinobot_cpp_example
[0.107s] -- The C compiler identification is GNU 11.4.0
[0.190s] -- The CXX compiler identification is GNU 11.4.0
[0.199s] -- Detecting C compiler ABI info
[0.265s] -- Detecting C compiler ABI info - done
[0.270s] -- Check for working C compiler: /usr/bin/cc - skipped
[0.271s] -- Detecting C compile features
[0.272s] -- Detecting C compile features - done
[0.275s] -- Detecting CXX compiler ABI info
[0.354s] -- Detecting CXX compiler ABI info - done
[0.364s] -- Check for working CXX compiler: /usr/bin/c++ - skipped
[0.364s] -- Detecting CXX compile features
[0.364s] -- Detecting CXX compile features - done
[0.368s] -- Found ament_cmake: 1.3.5 (/opt/ros/humble/share/ament_cmake/cmake)
[0.536s] -- Found Python3: /usr/bin/python3.10 (found version "3.10.12") found components: Interpreter 
[0.646s] -- Found rclcpp: 16.0.5 (/opt/ros/humble/share/rclcpp/cmake)
[0.703s] -- Found rosidl_generator_c: 3.1.5 (/opt/ros/humble/share/rosidl_generator_c/cmake)
[0.709s] -- Found rosidl_adapter: 3.1.5 (/opt/ros/humble/share/rosidl_adapter/cmake)
[0.719s] -- Found rosidl_generator_cpp: 3.1.5 (/opt/ros/humble/share/rosidl_generator_cpp/cmake)
[0.738s] -- Using all available rosidl_typesupport_c: rosidl_typesupport_fastrtps_c;rosidl_typesupport_introspection_c
[0.762s] -- Using all available rosidl_typesupport_cpp: rosidl_typesupport_fastrtps_cpp;rosidl_typesupport_introspection_cpp
[0.875s] -- Found rmw_implementation_cmake: 6.1.1 (/opt/ros/humble/share/rmw_implementation_cmake/cmake)
[0.876s] -- Found rmw_fastrtps_cpp: 6.2.3 (/opt/ros/humble/share/rmw_fastrtps_cpp/cmake)
[0.985s] -- Found OpenSSL: /usr/lib/x86_64-linux-gnu/libcrypto.so (found version "3.0.2")  
[1.012s] -- Found FastRTPS: /opt/ros/humble/include  
[1.055s] -- Using RMW implementation 'rmw_fastrtps_cpp' as default
[1.068s] -- Looking for pthread.h
[1.135s] -- Looking for pthread.h - found
[1.136s] -- Performing Test CMAKE_HAVE_LIBC_PTHREAD
[1.198s] -- Performing Test CMAKE_HAVE_LIBC_PTHREAD - Success
[1.200s] -- Found Threads: TRUE  
[1.365s] -- Found ament_lint_auto: 0.12.7 (/opt/ros/humble/share/ament_lint_auto/cmake)
[1.430s] -- Added test 'cppcheck' to perform static code analysis on C / C++ code
[1.431s] -- Configured cppcheck include dirs: 
[1.431s] -- Configured cppcheck exclude dirs and/or files: 
[1.431s] -- Added test 'lint_cmake' to check CMake code style
[1.432s] -- Added test 'uncrustify' to check C / C++ code style
[1.432s] -- Configured uncrustify additional arguments: 
[1.432s] -- Added test 'xmllint' to check XML markup files
[1.433s] -- Configuring done
[1.445s] -- Generating done
[1.446s] -- Build files have been written to: /home/alexander/Documents/arduinobot_ws/src/build/arduinobot_cpp_example
[1.455s] Invoked command in '/home/alexander/Documents/arduinobot_ws/src/build/arduinobot_cpp_example' returned '0': CMAKE_PREFIX_PATH=${CMAKE_PREFIX_PATH}:/home/alexander/Documents/arduinobot_ws/install/arduinobot_py_example:/home/alexander/Documents/arduinobot_ws/install/arduinobot_py:/opt/ros/humble /usr/bin/cmake /home/alexander/Documents/arduinobot_ws/src/arduinobot_cpp_example -DCMAKE_INSTALL_PREFIX=/home/alexander/Documents/arduinobot_ws/src/install/arduinobot_cpp_example
[1.457s] Invoking command in '/home/alexander/Documents/arduinobot_ws/src/build/arduinobot_cpp_example': CMAKE_PREFIX_PATH=${CMAKE_PREFIX_PATH}:/home/alexander/Documents/arduinobot_ws/install/arduinobot_py_example:/home/alexander/Documents/arduinobot_ws/install/arduinobot_py:/opt/ros/humble /usr/bin/cmake --build /home/alexander/Documents/arduinobot_ws/src/build/arduinobot_cpp_example -- -j12 -l12
[1.497s] [ 33%] [32mBuilding CXX object CMakeFiles/simple_publisher.dir/src/simple_publisher.cpp.o[0m
[1.497s] [ 33%] [32mBuilding CXX object CMakeFiles/simple_subscriber.dir/src/simple_subscriber.cpp.o[0m
[1.500s] [ 50%] [32mBuilding CXX object CMakeFiles/simple_parameter.dir/src/simple_parameter.cpp.o[0m
[4.105s] [ 66%] [32m[1mLinking CXX executable simple_parameter[0m
[4.256s] [ 66%] Built target simple_parameter
[5.309s] [ 83%] [32m[1mLinking CXX executable simple_publisher[0m
[5.492s] [ 83%] Built target simple_publisher
[8.390s] [100%] [32m[1mLinking CXX executable simple_subscriber[0m
[8.752s] [100%] Built target simple_subscriber
[8.762s] Invoked command in '/home/alexander/Documents/arduinobot_ws/src/build/arduinobot_cpp_example' returned '0': CMAKE_PREFIX_PATH=${CMAKE_PREFIX_PATH}:/home/alexander/Documents/arduinobot_ws/install/arduinobot_py_example:/home/alexander/Documents/arduinobot_ws/install/arduinobot_py:/opt/ros/humble /usr/bin/cmake --build /home/alexander/Documents/arduinobot_ws/src/build/arduinobot_cpp_example -- -j12 -l12
[8.787s] Invoking command in '/home/alexander/Documents/arduinobot_ws/src/build/arduinobot_cpp_example': CMAKE_PREFIX_PATH=${CMAKE_PREFIX_PATH}:/home/alexander/Documents/arduinobot_ws/install/arduinobot_py_example:/home/alexander/Documents/arduinobot_ws/install/arduinobot_py:/opt/ros/humble /usr/bin/cmake --install /home/alexander/Documents/arduinobot_ws/src/build/arduinobot_cpp_example
[8.793s] -- Install configuration: ""
[8.793s] -- Installing: /home/alexander/Documents/arduinobot_ws/src/install/arduinobot_cpp_example/lib/arduinobot_cpp_example/simple_publisher
[8.794s] -- Set runtime path of "/home/alexander/Documents/arduinobot_ws/src/install/arduinobot_cpp_example/lib/arduinobot_cpp_example/simple_publisher" to ""
[8.794s] -- Installing: /home/alexander/Documents/arduinobot_ws/src/install/arduinobot_cpp_example/lib/arduinobot_cpp_example/simple_subscriber
[8.796s] -- Set runtime path of "/home/alexander/Documents/arduinobot_ws/src/install/arduinobot_cpp_example/lib/arduinobot_cpp_example/simple_subscriber" to ""
[8.797s] -- Installing: /home/alexander/Documents/arduinobot_ws/src/install/arduinobot_cpp_example/lib/arduinobot_cpp_example/simple_parameter
[8.797s] -- Set runtime path of "/home/alexander/Documents/arduinobot_ws/src/install/arduinobot_cpp_example/lib/arduinobot_cpp_example/simple_parameter" to ""
[8.797s] -- Installing: /home/alexander/Documents/arduinobot_ws/src/install/arduinobot_cpp_example/share/ament_index/resource_index/package_run_dependencies/arduinobot_cpp_example
[8.797s] -- Installing: /home/alexander/Documents/arduinobot_ws/src/install/arduinobot_cpp_example/share/ament_index/resource_index/parent_prefix_path/arduinobot_cpp_example
[8.797s] -- Installing: /home/alexander/Documents/arduinobot_ws/src/install/arduinobot_cpp_example/share/arduinobot_cpp_example/environment/ament_prefix_path.sh
[8.797s] -- Installing: /home/alexander/Documents/arduinobot_ws/src/install/arduinobot_cpp_example/share/arduinobot_cpp_example/environment/ament_prefix_path.dsv
[8.797s] -- Installing: /home/alexander/Documents/arduinobot_ws/src/install/arduinobot_cpp_example/share/arduinobot_cpp_example/environment/path.sh
[8.797s] -- Installing: /home/alexander/Documents/arduinobot_ws/src/install/arduinobot_cpp_example/share/arduinobot_cpp_example/environment/path.dsv
[8.798s] -- Installing: /home/alexander/Documents/arduinobot_ws/src/install/arduinobot_cpp_example/share/arduinobot_cpp_example/local_setup.bash
[8.798s] -- Installing: /home/alexander/Documents/arduinobot_ws/src/install/arduinobot_cpp_example/share/arduinobot_cpp_example/local_setup.sh
[8.798s] -- Installing: /home/alexander/Documents/arduinobot_ws/src/install/arduinobot_cpp_example/share/arduinobot_cpp_example/local_setup.zsh
[8.798s] -- Installing: /home/alexander/Documents/arduinobot_ws/src/install/arduinobot_cpp_example/share/arduinobot_cpp_example/local_setup.dsv
[8.798s] -- Installing: /home/alexander/Documents/arduinobot_ws/src/install/arduinobot_cpp_example/share/arduinobot_cpp_example/package.dsv
[8.798s] -- Installing: /home/alexander/Documents/arduinobot_ws/src/install/arduinobot_cpp_example/share/ament_index/resource_index/packages/arduinobot_cpp_example
[8.798s] -- Installing: /home/alexander/Documents/arduinobot_ws/src/install/arduinobot_cpp_example/share/arduinobot_cpp_example/cmake/arduinobot_cpp_exampleConfig.cmake
[8.798s] -- Installing: /home/alexander/Documents/arduinobot_ws/src/install/arduinobot_cpp_example/share/arduinobot_cpp_example/cmake/arduinobot_cpp_exampleConfig-version.cmake
[8.798s] -- Installing: /home/alexander/Documents/arduinobot_ws/src/install/arduinobot_cpp_example/share/arduinobot_cpp_example/package.xml
[8.801s] Invoked command in '/home/alexander/Documents/arduinobot_ws/src/build/arduinobot_cpp_example' returned '0': CMAKE_PREFIX_PATH=${CMAKE_PREFIX_PATH}:/home/alexander/Documents/arduinobot_ws/install/arduinobot_py_example:/home/alexander/Documents/arduinobot_ws/install/arduinobot_py:/opt/ros/humble /usr/bin/cmake --install /home/alexander/Documents/arduinobot_ws/src/build/arduinobot_cpp_example
