[0.583s] Invoking command in '/home/alexander/Documents/arduinobot_ws/src/arduinobot_py_example': CONDA_PROMPT_MODIFIER=(base) PYTHONPATH=/home/alexander/Documents/arduinobot_ws/build/arduinobot_py_example/prefix_override:/home/alexander/Documents/arduinobot_ws/install/arduinobot_py_example/lib/python3.10/site-packages:${PYTHONPATH} /usr/bin/python3 setup.py egg_info --egg-base ../../build/arduinobot_py_example build --build-base /home/alexander/Documents/arduinobot_ws/build/arduinobot_py_example/build install --record /home/alexander/Documents/arduinobot_ws/build/arduinobot_py_example/install.log --single-version-externally-managed
[0.790s] running egg_info
[0.791s] writing ../../build/arduinobot_py_example/arduinobot_py_example.egg-info/PKG-INFO
[0.791s] writing dependency_links to ../../build/arduinobot_py_example/arduinobot_py_example.egg-info/dependency_links.txt
[0.791s] writing entry points to ../../build/arduinobot_py_example/arduinobot_py_example.egg-info/entry_points.txt
[0.791s] writing requirements to ../../build/arduinobot_py_example/arduinobot_py_example.egg-info/requires.txt
[0.792s] writing top-level names to ../../build/arduinobot_py_example/arduinobot_py_example.egg-info/top_level.txt
[0.793s] reading manifest file '../../build/arduinobot_py_example/arduinobot_py_example.egg-info/SOURCES.txt'
[0.794s] writing manifest file '../../build/arduinobot_py_example/arduinobot_py_example.egg-info/SOURCES.txt'
[0.794s] running build
[0.794s] running build_py
[0.794s] copying arduinobot_py_example/simple_parameter.py -> /home/alexander/Documents/arduinobot_ws/build/arduinobot_py_example/build/lib/arduinobot_py_example
[0.794s] running install
[0.795s] /usr/lib/python3/dist-packages/setuptools/command/install.py:34: SetuptoolsDeprecationWarning: setup.py install is deprecated. Use build and pip and other standards-based tools.
[0.795s]   warnings.warn(
[0.795s] running install_lib
[0.795s] copying /home/alexander/Documents/arduinobot_ws/build/arduinobot_py_example/build/lib/arduinobot_py_example/simple_parameter.py -> /home/alexander/Documents/arduinobot_ws/install/arduinobot_py_example/lib/python3.10/site-packages/arduinobot_py_example
[0.796s] byte-compiling /home/alexander/Documents/arduinobot_ws/install/arduinobot_py_example/lib/python3.10/site-packages/arduinobot_py_example/simple_parameter.py to simple_parameter.cpython-310.pyc
[0.797s] running install_data
[0.798s] running install_egg_info
[0.799s] removing '/home/alexander/Documents/arduinobot_ws/install/arduinobot_py_example/lib/python3.10/site-packages/arduinobot_py_example-0.0.0-py3.10.egg-info' (and everything under it)
[0.800s] Copying ../../build/arduinobot_py_example/arduinobot_py_example.egg-info to /home/alexander/Documents/arduinobot_ws/install/arduinobot_py_example/lib/python3.10/site-packages/arduinobot_py_example-0.0.0-py3.10.egg-info
[0.800s] running install_scripts
[0.818s] Installing simple_publisher script to /home/alexander/Documents/arduinobot_ws/install/arduinobot_py_example/lib/arduinobot_py_example
[0.818s] Installing simple_subscriber = arduinobot_py_example.simple_subscriber:mainsimple_parameter script to /home/alexander/Documents/arduinobot_ws/install/arduinobot_py_example/lib/arduinobot_py_example
[0.818s] writing list of installed files to '/home/alexander/Documents/arduinobot_ws/build/arduinobot_py_example/install.log'
[0.849s] Invoked command in '/home/alexander/Documents/arduinobot_ws/src/arduinobot_py_example' returned '0': CONDA_PROMPT_MODIFIER=(base) PYTHONPATH=/home/alexander/Documents/arduinobot_ws/build/arduinobot_py_example/prefix_override:/home/alexander/Documents/arduinobot_ws/install/arduinobot_py_example/lib/python3.10/site-packages:${PYTHONPATH} /usr/bin/python3 setup.py egg_info --egg-base ../../build/arduinobot_py_example build --build-base /home/alexander/Documents/arduinobot_ws/build/arduinobot_py_example/build install --record /home/alexander/Documents/arduinobot_ws/build/arduinobot_py_example/install.log --single-version-externally-managed
