[0.023s] Invoking command in '/home/alexander/Documents/arduinobot_ws/build/arduinobot_cpp_example': CMAKE_PREFIX_PATH=/opt/ros/humble CONDA_PROMPT_MODIFIER=(base) /usr/bin/cmake --build /home/alexander/Documents/arduinobot_ws/build/arduinobot_cpp_example -- -j12 -l12
[0.056s] [35m[1mConsolidate compiler generated dependencies of target simple_subscriber[0m
[0.066s] [ 50%] Built target simple_publisher
[0.072s] [100%] Built target simple_subscriber
[0.248s] Invoked command in '/home/alexander/Documents/arduinobot_ws/build/arduinobot_cpp_example' returned '0': CMAKE_PREFIX_PATH=/opt/ros/humble CONDA_PROMPT_MODIFIER=(base) /usr/bin/cmake --build /home/alexander/Documents/arduinobot_ws/build/arduinobot_cpp_example -- -j12 -l12
[0.279s] Invoking command in '/home/alexander/Documents/arduinobot_ws/build/arduinobot_cpp_example': CMAKE_PREFIX_PATH=/opt/ros/humble CONDA_PROMPT_MODIFIER=(base) /usr/bin/cmake --install /home/alexander/Documents/arduinobot_ws/build/arduinobot_cpp_example
[0.286s] -- Install configuration: ""
[0.286s] -- Up-to-date: /home/alexander/Documents/arduinobot_ws/install/arduinobot_cpp_example/lib/arduinobot_cpp_example/simple_publisher
[0.286s] -- Up-to-date: /home/alexander/Documents/arduinobot_ws/install/arduinobot_cpp_example/lib/arduinobot_cpp_example/simple_subscriber
[0.286s] -- Up-to-date: /home/alexander/Documents/arduinobot_ws/install/arduinobot_cpp_example/share/ament_index/resource_index/package_run_dependencies/arduinobot_cpp_example
[0.286s] -- Up-to-date: /home/alexander/Documents/arduinobot_ws/install/arduinobot_cpp_example/share/ament_index/resource_index/parent_prefix_path/arduinobot_cpp_example
[0.286s] -- Up-to-date: /home/alexander/Documents/arduinobot_ws/install/arduinobot_cpp_example/share/arduinobot_cpp_example/environment/ament_prefix_path.sh
[0.287s] -- Up-to-date: /home/alexander/Documents/arduinobot_ws/install/arduinobot_cpp_example/share/arduinobot_cpp_example/environment/ament_prefix_path.dsv
[0.287s] -- Up-to-date: /home/alexander/Documents/arduinobot_ws/install/arduinobot_cpp_example/share/arduinobot_cpp_example/environment/path.sh
[0.287s] -- Up-to-date: /home/alexander/Documents/arduinobot_ws/install/arduinobot_cpp_example/share/arduinobot_cpp_example/environment/path.dsv
[0.287s] -- Up-to-date: /home/alexander/Documents/arduinobot_ws/install/arduinobot_cpp_example/share/arduinobot_cpp_example/local_setup.bash
[0.287s] -- Up-to-date: /home/alexander/Documents/arduinobot_ws/install/arduinobot_cpp_example/share/arduinobot_cpp_example/local_setup.sh
[0.287s] -- Up-to-date: /home/alexander/Documents/arduinobot_ws/install/arduinobot_cpp_example/share/arduinobot_cpp_example/local_setup.zsh
[0.287s] -- Up-to-date: /home/alexander/Documents/arduinobot_ws/install/arduinobot_cpp_example/share/arduinobot_cpp_example/local_setup.dsv
[0.287s] -- Installing: /home/alexander/Documents/arduinobot_ws/install/arduinobot_cpp_example/share/arduinobot_cpp_example/package.dsv
[0.287s] -- Up-to-date: /home/alexander/Documents/arduinobot_ws/install/arduinobot_cpp_example/share/ament_index/resource_index/packages/arduinobot_cpp_example
[0.287s] -- Up-to-date: /home/alexander/Documents/arduinobot_ws/install/arduinobot_cpp_example/share/arduinobot_cpp_example/cmake/arduinobot_cpp_exampleConfig.cmake
[0.287s] -- Up-to-date: /home/alexander/Documents/arduinobot_ws/install/arduinobot_cpp_example/share/arduinobot_cpp_example/cmake/arduinobot_cpp_exampleConfig-version.cmake
[0.288s] -- Up-to-date: /home/alexander/Documents/arduinobot_ws/install/arduinobot_cpp_example/share/arduinobot_cpp_example/package.xml
[0.290s] Invoked command in '/home/alexander/Documents/arduinobot_ws/build/arduinobot_cpp_example' returned '0': CMAKE_PREFIX_PATH=/opt/ros/humble CONDA_PROMPT_MODIFIER=(base) /usr/bin/cmake --install /home/alexander/Documents/arduinobot_ws/build/arduinobot_cpp_example
