[0.027s] Invoking command in '/home/alexander/Documents/arduinobot_ws/build/arduinobot_cpp_example': CMAKE_PREFIX_PATH=${CMAKE_PREFIX_PATH}:/home/alexander/Documents/arduinobot_ws/install/arduinobot_py_example:/home/alexander/Documents/arduinobot_ws/install/arduinobot_py:/opt/ros/humble CONDA_PROMPT_MODIFIER=(base) /usr/bin/cmake --build /home/alexander/Documents/arduinobot_ws/build/arduinobot_cpp_example -- -j12 -l12
[0.052s] -- Found ament_cmake: 1.3.5 (/opt/ros/humble/share/ament_cmake/cmake)
[0.205s] -- Found rclcpp: 16.0.5 (/opt/ros/humble/share/rclcpp/cmake)
[0.245s] -- Found rosidl_generator_c: 3.1.5 (/opt/ros/humble/share/rosidl_generator_c/cmake)
[0.246s] -- Found rosidl_adapter: 3.1.5 (/opt/ros/humble/share/rosidl_adapter/cmake)
[0.254s] -- Found rosidl_generator_cpp: 3.1.5 (/opt/ros/humble/share/rosidl_generator_cpp/cmake)
[0.267s] -- Using all available rosidl_typesupport_c: rosidl_typesupport_fastrtps_c;rosidl_typesupport_introspection_c
[0.286s] -- Using all available rosidl_typesupport_cpp: rosidl_typesupport_fastrtps_cpp;rosidl_typesupport_introspection_cpp
[0.356s] -- Found rmw_implementation_cmake: 6.1.1 (/opt/ros/humble/share/rmw_implementation_cmake/cmake)
[0.358s] -- Found rmw_fastrtps_cpp: 6.2.3 (/opt/ros/humble/share/rmw_fastrtps_cpp/cmake)
[0.486s] -- Using RMW implementation 'rmw_fastrtps_cpp' as default
[0.659s] [31mCMake Error at CMakeLists.txt:11 (find_package):
[0.659s]   By not providing "Findrclcpp_interfaces.cmake" in CMAKE_MODULE_PATH this
[0.660s]   project has asked CMake to find a package configuration file provided by
[0.660s]   "rclcpp_interfaces", but CMake did not find one.
[0.660s] 
[0.660s]   Could not find a package configuration file provided by "rclcpp_interfaces"
[0.660s]   with any of the following names:
[0.660s] 
[0.660s]     rclcpp_interfacesConfig.cmake
[0.660s]     rclcpp_interfaces-config.cmake
[0.660s] 
[0.660s]   Add the installation prefix of "rclcpp_interfaces" to CMAKE_PREFIX_PATH or
[0.660s]   set "rclcpp_interfaces_DIR" to a directory containing one of the above
[0.660s]   files.  If "rclcpp_interfaces" provides a separate development package or
[0.660s]   SDK, be sure it has been installed.
[0.660s] 
[0.661s] [0m
[0.661s] -- Configuring incomplete, errors occurred!
[0.661s] See also "/home/alexander/Documents/arduinobot_ws/build/arduinobot_cpp_example/CMakeFiles/CMakeOutput.log".
[0.665s] gmake: *** [Makefile:308: cmake_check_build_system] Error 1
[0.667s] Invoked command in '/home/alexander/Documents/arduinobot_ws/build/arduinobot_cpp_example' returned '2': CMAKE_PREFIX_PATH=${CMAKE_PREFIX_PATH}:/home/alexander/Documents/arduinobot_ws/install/arduinobot_py_example:/home/alexander/Documents/arduinobot_ws/install/arduinobot_py:/opt/ros/humble CONDA_PROMPT_MODIFIER=(base) /usr/bin/cmake --build /home/alexander/Documents/arduinobot_ws/build/arduinobot_cpp_example -- -j12 -l12
