[0.524s] Invoking command in '/home/alexander/Documents/arduinobot_ws/src/arduinobot_py_example': CONDA_PROMPT_MODIFIER=(base) PYTHONPATH=/home/alexander/Documents/arduinobot_ws/build/arduinobot_py_example/prefix_override:/home/alexander/Documents/arduinobot_ws/install/arduinobot_py_example/lib/python3.10/site-packages:${PYTHONPATH} /usr/bin/python3 setup.py egg_info --egg-base ../../build/arduinobot_py_example build --build-base /home/alexander/Documents/arduinobot_ws/build/arduinobot_py_example/build install --record /home/alexander/Documents/arduinobot_ws/build/arduinobot_py_example/install.log --single-version-externally-managed
[0.702s] running egg_info
[0.703s] creating ../../build/arduinobot_py_example/arduinobot_py_example.egg-info
[0.703s] writing ../../build/arduinobot_py_example/arduinobot_py_example.egg-info/PKG-INFO
[0.703s] writing dependency_links to ../../build/arduinobot_py_example/arduinobot_py_example.egg-info/dependency_links.txt
[0.703s] writing entry points to ../../build/arduinobot_py_example/arduinobot_py_example.egg-info/entry_points.txt
[0.703s] writing requirements to ../../build/arduinobot_py_example/arduinobot_py_example.egg-info/requires.txt
[0.703s] writing top-level names to ../../build/arduinobot_py_example/arduinobot_py_example.egg-info/top_level.txt
[0.703s] writing manifest file '../../build/arduinobot_py_example/arduinobot_py_example.egg-info/SOURCES.txt'
[0.705s] reading manifest file '../../build/arduinobot_py_example/arduinobot_py_example.egg-info/SOURCES.txt'
[0.705s] writing manifest file '../../build/arduinobot_py_example/arduinobot_py_example.egg-info/SOURCES.txt'
[0.705s] running build
[0.705s] running build_py
[0.706s] creating /home/alexander/Documents/arduinobot_ws/build/arduinobot_py_example/build
[0.706s] creating /home/alexander/Documents/arduinobot_ws/build/arduinobot_py_example/build/lib
[0.706s] creating /home/alexander/Documents/arduinobot_ws/build/arduinobot_py_example/build/lib/arduinobot_py_example
[0.706s] copying arduinobot_py_example/__init__.py -> /home/alexander/Documents/arduinobot_ws/build/arduinobot_py_example/build/lib/arduinobot_py_example
[0.706s] running install
[0.706s] /usr/lib/python3/dist-packages/setuptools/command/install.py:34: SetuptoolsDeprecationWarning: setup.py install is deprecated. Use build and pip and other standards-based tools.
[0.706s]   warnings.warn(
[0.706s] running install_lib
[0.706s] creating /home/alexander/Documents/arduinobot_ws/install/arduinobot_py_example/lib/python3.10/site-packages/arduinobot_py_example
[0.707s] copying /home/alexander/Documents/arduinobot_ws/build/arduinobot_py_example/build/lib/arduinobot_py_example/__init__.py -> /home/alexander/Documents/arduinobot_ws/install/arduinobot_py_example/lib/python3.10/site-packages/arduinobot_py_example
[0.707s] byte-compiling /home/alexander/Documents/arduinobot_ws/install/arduinobot_py_example/lib/python3.10/site-packages/arduinobot_py_example/__init__.py to __init__.cpython-310.pyc
[0.707s] running install_data
[0.707s] creating /home/alexander/Documents/arduinobot_ws/install/arduinobot_py_example/share/ament_index
[0.708s] creating /home/alexander/Documents/arduinobot_ws/install/arduinobot_py_example/share/ament_index/resource_index
[0.708s] creating /home/alexander/Documents/arduinobot_ws/install/arduinobot_py_example/share/ament_index/resource_index/packages
[0.708s] copying resource/arduinobot_py_example -> /home/alexander/Documents/arduinobot_ws/install/arduinobot_py_example/share/ament_index/resource_index/packages
[0.708s] copying package.xml -> /home/alexander/Documents/arduinobot_ws/install/arduinobot_py_example/share/arduinobot_py_example
[0.708s] running install_egg_info
[0.709s] Copying ../../build/arduinobot_py_example/arduinobot_py_example.egg-info to /home/alexander/Documents/arduinobot_ws/install/arduinobot_py_example/lib/python3.10/site-packages/arduinobot_py_example-0.0.0-py3.10.egg-info
[0.710s] running install_scripts
[0.726s] writing list of installed files to '/home/alexander/Documents/arduinobot_ws/build/arduinobot_py_example/install.log'
[0.753s] Invoked command in '/home/alexander/Documents/arduinobot_ws/src/arduinobot_py_example' returned '0': CONDA_PROMPT_MODIFIER=(base) PYTHONPATH=/home/alexander/Documents/arduinobot_ws/build/arduinobot_py_example/prefix_override:/home/alexander/Documents/arduinobot_ws/install/arduinobot_py_example/lib/python3.10/site-packages:${PYTHONPATH} /usr/bin/python3 setup.py egg_info --egg-base ../../build/arduinobot_py_example build --build-base /home/alexander/Documents/arduinobot_ws/build/arduinobot_py_example/build install --record /home/alexander/Documents/arduinobot_ws/build/arduinobot_py_example/install.log --single-version-externally-managed
